<?xml version="1.0" encoding="UTF-8"?>
<testng-results ignored="0" total="251" passed="250" failed="1" skipped="0">
  <reporter-output>
  </reporter-output>
  <suite started-at="2024-06-27T16:45:13 CDT" name="Default suite" finished-at="2024-06-27T17:06:50 CDT" duration-ms="1297677">
    <groups>
      <group name="cucumber">
        <method signature="AbstractTestNGCucumberTests.runScenario(io.cucumber.testng.PickleWrapper,io.cucumber.testng.FeatureWrapper)[pri:0, instance:runner.TestRunner@58e92c23]" name="runScenario" class="io.cucumber.testng.AbstractTestNGCucumberTests"/>
      </group> <!-- cucumber -->
    </groups>
    <test started-at="2024-06-27T16:45:13 CDT" name="Default test" finished-at="2024-06-27T17:06:50 CDT" duration-ms="1297677">
      <class name="runner.TestRunner">
        <test-method is-config="true" signature="setUpClass(org.testng.ITestContext)[pri:0, instance:runner.TestRunner@58e92c23]" started-at="2024-06-27T16:45:13 CDT" name="setUpClass" finished-at="2024-06-27T16:45:14 CDT" duration-ms="1345" status="PASS">
          <params>
            <param index="0">
              <value>
                <![CDATA[org.testng.TestRunner@1cc5ed74]]>
              </value>
            </param>
          </params>
          <reporter-output>
          </reporter-output>
        </test-method> <!-- setUpClass -->
        <test-method signature="runScenario(io.cucumber.testng.PickleWrapper,io.cucumber.testng.FeatureWrapper)[pri:0, instance:runner.TestRunner@58e92c23]" started-at="2024-06-27T16:45:14 CDT" name="runScenario" description="Runs Cucumber Scenarios" data-provider="scenarios" finished-at="2024-06-27T16:45:26 CDT" duration-ms="11754" status="PASS">
          <params>
            <param index="0">
              <value>
                <![CDATA["Verify the text on the Implement Linked List in Python page"]]>
              </value>
            </param>
            <param index="1">
              <value>
                <![CDATA["Implement Linked List in Python page functionality"]]>
              </value>
            </param>
          </params>
          <reporter-output>
          </reporter-output>
        </test-method> <!-- runScenario -->
        <test-method signature="runScenario(io.cucumber.testng.PickleWrapper,io.cucumber.testng.FeatureWrapper)[pri:0, instance:runner.TestRunner@58e92c23]" started-at="2024-06-27T16:45:26 CDT" name="runScenario" description="Runs Cucumber Scenarios" data-provider="scenarios" finished-at="2024-06-27T16:45:34 CDT" duration-ms="8439" status="PASS">
          <params>
            <param index="0">
              <value>
                <![CDATA["Verify the Try here button on the Implement Linked List in Python page"]]>
              </value>
            </param>
            <param index="1">
              <value>
                <![CDATA["Implement Linked List in Python page functionality"]]>
              </value>
            </param>
          </params>
          <reporter-output>
          </reporter-output>
        </test-method> <!-- runScenario -->
        <test-method signature="runScenario(io.cucumber.testng.PickleWrapper,io.cucumber.testng.FeatureWrapper)[pri:0, instance:runner.TestRunner@58e92c23]" started-at="2024-06-27T16:45:34 CDT" name="runScenario" description="Runs Cucumber Scenarios" data-provider="scenarios" finished-at="2024-06-27T16:45:41 CDT" duration-ms="6915" status="PASS">
          <params>
            <param index="0">
              <value>
                <![CDATA["Verify URL of Applications page"]]>
              </value>
            </param>
            <param index="1">
              <value>
                <![CDATA["Implementation  functionality"]]>
              </value>
            </param>
          </params>
          <reporter-output>
          </reporter-output>
        </test-method> <!-- runScenario -->
        <test-method signature="runScenario(io.cucumber.testng.PickleWrapper,io.cucumber.testng.FeatureWrapper)[pri:0, instance:runner.TestRunner@58e92c23]" started-at="2024-06-27T16:45:41 CDT" name="runScenario" description="Runs Cucumber Scenarios" data-provider="scenarios" finished-at="2024-06-27T16:45:47 CDT" duration-ms="5851" status="PASS">
          <params>
            <param index="0">
              <value>
                <![CDATA["Verify  Header on Application page"]]>
              </value>
            </param>
            <param index="1">
              <value>
                <![CDATA["Implementation  functionality"]]>
              </value>
            </param>
          </params>
          <reporter-output>
          </reporter-output>
        </test-method> <!-- runScenario -->
        <test-method signature="runScenario(io.cucumber.testng.PickleWrapper,io.cucumber.testng.FeatureWrapper)[pri:0, instance:runner.TestRunner@58e92c23]" started-at="2024-06-27T16:45:47 CDT" name="runScenario" description="Runs Cucumber Scenarios" data-provider="scenarios" finished-at="2024-06-27T16:45:52 CDT" duration-ms="4922" status="PASS">
          <params>
            <param index="0">
              <value>
                <![CDATA["Verify ApplicationsPage Content"]]>
              </value>
            </param>
            <param index="1">
              <value>
                <![CDATA["Implementation  functionality"]]>
              </value>
            </param>
          </params>
          <reporter-output>
          </reporter-output>
        </test-method> <!-- runScenario -->
        <test-method signature="runScenario(io.cucumber.testng.PickleWrapper,io.cucumber.testng.FeatureWrapper)[pri:0, instance:runner.TestRunner@58e92c23]" started-at="2024-06-27T16:45:52 CDT" name="runScenario" description="Runs Cucumber Scenarios" data-provider="scenarios" finished-at="2024-06-27T16:45:57 CDT" duration-ms="4918" status="PASS">
          <params>
            <param index="0">
              <value>
                <![CDATA["Verify Links  on Applications page"]]>
              </value>
            </param>
            <param index="1">
              <value>
                <![CDATA["Implementation  functionality"]]>
              </value>
            </param>
          </params>
          <reporter-output>
          </reporter-output>
        </test-method> <!-- runScenario -->
        <test-method signature="runScenario(io.cucumber.testng.PickleWrapper,io.cucumber.testng.FeatureWrapper)[pri:0, instance:runner.TestRunner@58e92c23]" started-at="2024-06-27T16:45:57 CDT" name="runScenario" description="Runs Cucumber Scenarios" data-provider="scenarios" finished-at="2024-06-27T16:46:02 CDT" duration-ms="4901" status="PASS">
          <params>
            <param index="0">
              <value>
                <![CDATA["Verify  DatastuructureDropdown  on Application page"]]>
              </value>
            </param>
            <param index="1">
              <value>
                <![CDATA["Implementation  functionality"]]>
              </value>
            </param>
          </params>
          <reporter-output>
          </reporter-output>
        </test-method> <!-- runScenario -->
        <test-method signature="runScenario(io.cucumber.testng.PickleWrapper,io.cucumber.testng.FeatureWrapper)[pri:0, instance:runner.TestRunner@58e92c23]" started-at="2024-06-27T16:46:02 CDT" name="runScenario" description="Runs Cucumber Scenarios" data-provider="scenarios" finished-at="2024-06-27T16:46:07 CDT" duration-ms="5255" status="PASS">
          <params>
            <param index="0">
              <value>
                <![CDATA["Verify TryEditor btn is  Clickableon application Page"]]>
              </value>
            </param>
            <param index="1">
              <value>
                <![CDATA["Implementation  functionality"]]>
              </value>
            </param>
          </params>
          <reporter-output>
          </reporter-output>
        </test-method> <!-- runScenario -->
        <test-method signature="runScenario(io.cucumber.testng.PickleWrapper,io.cucumber.testng.FeatureWrapper)[pri:0, instance:runner.TestRunner@58e92c23]" started-at="2024-06-27T16:46:07 CDT" name="runScenario" description="Runs Cucumber Scenarios" data-provider="scenarios" finished-at="2024-06-27T16:46:12 CDT" duration-ms="4805" status="PASS">
          <params>
            <param index="0">
              <value>
                <![CDATA["Verify PracticeQuestion Link is  Clickable on application Page"]]>
              </value>
            </param>
            <param index="1">
              <value>
                <![CDATA["Implementation  functionality"]]>
              </value>
            </param>
          </params>
          <reporter-output>
          </reporter-output>
        </test-method> <!-- runScenario -->
        <test-method signature="runScenario(io.cucumber.testng.PickleWrapper,io.cucumber.testng.FeatureWrapper)[pri:0, instance:runner.TestRunner@58e92c23]" started-at="2024-06-27T16:46:12 CDT" name="runScenario" description="Runs Cucumber Scenarios" data-provider="scenarios" finished-at="2024-06-27T16:46:17 CDT" duration-ms="4924" status="PASS">
          <params>
            <param index="0">
              <value>
                <![CDATA["Verify page header on the "Applications of Array" page"]]>
              </value>
            </param>
            <param index="1">
              <value>
                <![CDATA["Verify "Applications of Array" page functionality"]]>
              </value>
            </param>
          </params>
          <reporter-output>
          </reporter-output>
        </test-method> <!-- runScenario -->
        <test-method signature="runScenario(io.cucumber.testng.PickleWrapper,io.cucumber.testng.FeatureWrapper)[pri:0, instance:runner.TestRunner@58e92c23]" started-at="2024-06-27T16:46:17 CDT" name="runScenario" description="Runs Cucumber Scenarios" data-provider="scenarios" finished-at="2024-06-27T16:46:22 CDT" duration-ms="4962" status="PASS">
          <params>
            <param index="0">
              <value>
                <![CDATA["Verify total links present on the "Applications of Array" page"]]>
              </value>
            </param>
            <param index="1">
              <value>
                <![CDATA["Verify "Applications of Array" page functionality"]]>
              </value>
            </param>
          </params>
          <reporter-output>
          </reporter-output>
        </test-method> <!-- runScenario -->
        <test-method signature="runScenario(io.cucumber.testng.PickleWrapper,io.cucumber.testng.FeatureWrapper)[pri:0, instance:runner.TestRunner@58e92c23]" started-at="2024-06-27T16:46:22 CDT" name="runScenario" description="Runs Cucumber Scenarios" data-provider="scenarios" finished-at="2024-06-27T16:46:27 CDT" duration-ms="5282" status="PASS">
          <params>
            <param index="0">
              <value>
                <![CDATA["Verify the text of all the links on the "Applications of Array" page"]]>
              </value>
            </param>
            <param index="1">
              <value>
                <![CDATA["Verify "Applications of Array" page functionality"]]>
              </value>
            </param>
          </params>
          <reporter-output>
          </reporter-output>
        </test-method> <!-- runScenario -->
        <test-method signature="runScenario(io.cucumber.testng.PickleWrapper,io.cucumber.testng.FeatureWrapper)[pri:0, instance:runner.TestRunner@58e92c23]" started-at="2024-06-27T16:46:27 CDT" name="runScenario" description="Runs Cucumber Scenarios" data-provider="scenarios" finished-at="2024-06-27T16:46:32 CDT" duration-ms="5113" status="PASS">
          <params>
            <param index="0">
              <value>
                <![CDATA["Verify the page source on the "Applications of Array" page"]]>
              </value>
            </param>
            <param index="1">
              <value>
                <![CDATA["Verify "Applications of Array" page functionality"]]>
              </value>
            </param>
          </params>
          <reporter-output>
          </reporter-output>
        </test-method> <!-- runScenario -->
        <test-method signature="runScenario(io.cucumber.testng.PickleWrapper,io.cucumber.testng.FeatureWrapper)[pri:0, instance:runner.TestRunner@58e92c23]" started-at="2024-06-27T16:46:32 CDT" name="runScenario" description="Runs Cucumber Scenarios" data-provider="scenarios" finished-at="2024-06-27T16:46:39 CDT" duration-ms="6743" status="PASS">
          <params>
            <param index="0">
              <value>
                <![CDATA["Verify the url on the "Applications of Array" page"]]>
              </value>
            </param>
            <param index="1">
              <value>
                <![CDATA["Verify "Applications of Array" page functionality"]]>
              </value>
            </param>
          </params>
          <reporter-output>
          </reporter-output>
        </test-method> <!-- runScenario -->
        <test-method signature="runScenario(io.cucumber.testng.PickleWrapper,io.cucumber.testng.FeatureWrapper)[pri:0, instance:runner.TestRunner@58e92c23]" started-at="2024-06-27T16:46:39 CDT" name="runScenario" description="Runs Cucumber Scenarios" data-provider="scenarios" finished-at="2024-06-27T16:46:44 CDT" duration-ms="4826" status="PASS">
          <params>
            <param index="0">
              <value>
                <![CDATA["Verify the "Applications of Array" page title"]]>
              </value>
            </param>
            <param index="1">
              <value>
                <![CDATA["Verify "Applications of Array" page functionality"]]>
              </value>
            </param>
          </params>
          <reporter-output>
          </reporter-output>
        </test-method> <!-- runScenario -->
        <test-method signature="runScenario(io.cucumber.testng.PickleWrapper,io.cucumber.testng.FeatureWrapper)[pri:0, instance:runner.TestRunner@58e92c23]" started-at="2024-06-27T16:46:44 CDT" name="runScenario" description="Runs Cucumber Scenarios" data-provider="scenarios" finished-at="2024-06-27T16:46:49 CDT" duration-ms="5557" status="PASS">
          <params>
            <param index="0">
              <value>
                <![CDATA["Verify "Arrays in Python" link is clickable"]]>
              </value>
            </param>
            <param index="1">
              <value>
                <![CDATA["Verify "Applications of Array" page functionality"]]>
              </value>
            </param>
          </params>
          <reporter-output>
          </reporter-output>
        </test-method> <!-- runScenario -->
        <test-method signature="runScenario(io.cucumber.testng.PickleWrapper,io.cucumber.testng.FeatureWrapper)[pri:0, instance:runner.TestRunner@58e92c23]" started-at="2024-06-27T16:46:49 CDT" name="runScenario" description="Runs Cucumber Scenarios" data-provider="scenarios" finished-at="2024-06-27T16:46:54 CDT" duration-ms="5156" status="PASS">
          <params>
            <param index="0">
              <value>
                <![CDATA["Verify "Arrays Using List" link is clickable"]]>
              </value>
            </param>
            <param index="1">
              <value>
                <![CDATA["Verify "Applications of Array" page functionality"]]>
              </value>
            </param>
          </params>
          <reporter-output>
          </reporter-output>
        </test-method> <!-- runScenario -->
        <test-method signature="runScenario(io.cucumber.testng.PickleWrapper,io.cucumber.testng.FeatureWrapper)[pri:0, instance:runner.TestRunner@58e92c23]" started-at="2024-06-27T16:46:54 CDT" name="runScenario" description="Runs Cucumber Scenarios" data-provider="scenarios" finished-at="2024-06-27T16:47:00 CDT" duration-ms="5147" status="PASS">
          <params>
            <param index="0">
              <value>
                <![CDATA["Verify "Basic Operations in Lists" link is clickable"]]>
              </value>
            </param>
            <param index="1">
              <value>
                <![CDATA["Verify "Applications of Array" page functionality"]]>
              </value>
            </param>
          </params>
          <reporter-output>
          </reporter-output>
        </test-method> <!-- runScenario -->
        <test-method signature="runScenario(io.cucumber.testng.PickleWrapper,io.cucumber.testng.FeatureWrapper)[pri:0, instance:runner.TestRunner@58e92c23]" started-at="2024-06-27T16:47:00 CDT" name="runScenario" description="Runs Cucumber Scenarios" data-provider="scenarios" finished-at="2024-06-27T16:47:05 CDT" duration-ms="5102" status="PASS">
          <params>
            <param index="0">
              <value>
                <![CDATA["Verify "Applications of Array" link is clickable"]]>
              </value>
            </param>
            <param index="1">
              <value>
                <![CDATA["Verify "Applications of Array" page functionality"]]>
              </value>
            </param>
          </params>
          <reporter-output>
          </reporter-output>
        </test-method> <!-- runScenario -->
        <test-method signature="runScenario(io.cucumber.testng.PickleWrapper,io.cucumber.testng.FeatureWrapper)[pri:0, instance:runner.TestRunner@58e92c23]" started-at="2024-06-27T16:47:05 CDT" name="runScenario" description="Runs Cucumber Scenarios" data-provider="scenarios" finished-at="2024-06-27T16:47:10 CDT" duration-ms="5118" status="PASS">
          <params>
            <param index="0">
              <value>
                <![CDATA["Verify "Practice Questions" link is clickable"]]>
              </value>
            </param>
            <param index="1">
              <value>
                <![CDATA["Verify "Applications of Array" page functionality"]]>
              </value>
            </param>
          </params>
          <reporter-output>
          </reporter-output>
        </test-method> <!-- runScenario -->
        <test-method signature="runScenario(io.cucumber.testng.PickleWrapper,io.cucumber.testng.FeatureWrapper)[pri:0, instance:runner.TestRunner@58e92c23]" started-at="2024-06-27T16:47:10 CDT" name="runScenario" description="Runs Cucumber Scenarios" data-provider="scenarios" finished-at="2024-06-27T16:47:15 CDT" duration-ms="5417" status="PASS">
          <params>
            <param index="0">
              <value>
                <![CDATA["Verify "Try here" button"]]>
              </value>
            </param>
            <param index="1">
              <value>
                <![CDATA["Verify "Applications of Array" page functionality"]]>
              </value>
            </param>
          </params>
          <reporter-output>
          </reporter-output>
        </test-method> <!-- runScenario -->
        <test-method signature="runScenario(io.cucumber.testng.PickleWrapper,io.cucumber.testng.FeatureWrapper)[pri:0, instance:runner.TestRunner@58e92c23]" started-at="2024-06-27T16:47:15 CDT" name="runScenario" description="Runs Cucumber Scenarios" data-provider="scenarios" finished-at="2024-06-27T16:47:38 CDT" duration-ms="23128" status="PASS">
          <params>
            <param index="0">
              <value>
                <![CDATA["Verify Array header on the Array page"]]>
              </value>
            </param>
            <param index="1">
              <value>
                <![CDATA["Array page functionality"]]>
              </value>
            </param>
          </params>
          <reporter-output>
          </reporter-output>
        </test-method> <!-- runScenario -->
        <test-method signature="runScenario(io.cucumber.testng.PickleWrapper,io.cucumber.testng.FeatureWrapper)[pri:0, instance:runner.TestRunner@58e92c23]" started-at="2024-06-27T16:47:38 CDT" name="runScenario" description="Runs Cucumber Scenarios" data-provider="scenarios" finished-at="2024-06-27T16:47:42 CDT" duration-ms="3732" status="PASS">
          <params>
            <param index="0">
              <value>
                <![CDATA["Verify Topics Covered header on the Array page"]]>
              </value>
            </param>
            <param index="1">
              <value>
                <![CDATA["Array page functionality"]]>
              </value>
            </param>
          </params>
          <reporter-output>
          </reporter-output>
        </test-method> <!-- runScenario -->
        <test-method signature="runScenario(io.cucumber.testng.PickleWrapper,io.cucumber.testng.FeatureWrapper)[pri:0, instance:runner.TestRunner@58e92c23]" started-at="2024-06-27T16:47:42 CDT" name="runScenario" description="Runs Cucumber Scenarios" data-provider="scenarios" finished-at="2024-06-27T16:47:47 CDT" duration-ms="4449" status="PASS">
          <params>
            <param index="0">
              <value>
                <![CDATA["Verify total links present on the Array page"]]>
              </value>
            </param>
            <param index="1">
              <value>
                <![CDATA["Array page functionality"]]>
              </value>
            </param>
          </params>
          <reporter-output>
          </reporter-output>
        </test-method> <!-- runScenario -->
        <test-method signature="runScenario(io.cucumber.testng.PickleWrapper,io.cucumber.testng.FeatureWrapper)[pri:0, instance:runner.TestRunner@58e92c23]" started-at="2024-06-27T16:47:47 CDT" name="runScenario" description="Runs Cucumber Scenarios" data-provider="scenarios" finished-at="2024-06-27T16:47:51 CDT" duration-ms="4667" status="PASS">
          <params>
            <param index="0">
              <value>
                <![CDATA["Verify the text of all the links on the Array page"]]>
              </value>
            </param>
            <param index="1">
              <value>
                <![CDATA["Array page functionality"]]>
              </value>
            </param>
          </params>
          <reporter-output>
          </reporter-output>
        </test-method> <!-- runScenario -->
        <test-method signature="runScenario(io.cucumber.testng.PickleWrapper,io.cucumber.testng.FeatureWrapper)[pri:0, instance:runner.TestRunner@58e92c23]" started-at="2024-06-27T16:47:51 CDT" name="runScenario" description="Runs Cucumber Scenarios" data-provider="scenarios" finished-at="2024-06-27T16:47:56 CDT" duration-ms="4430" status="PASS">
          <params>
            <param index="0">
              <value>
                <![CDATA["Verify the page source on the Array page"]]>
              </value>
            </param>
            <param index="1">
              <value>
                <![CDATA["Array page functionality"]]>
              </value>
            </param>
          </params>
          <reporter-output>
          </reporter-output>
        </test-method> <!-- runScenario -->
        <test-method signature="runScenario(io.cucumber.testng.PickleWrapper,io.cucumber.testng.FeatureWrapper)[pri:0, instance:runner.TestRunner@58e92c23]" started-at="2024-06-27T16:47:56 CDT" name="runScenario" description="Runs Cucumber Scenarios" data-provider="scenarios" finished-at="2024-06-27T16:48:00 CDT" duration-ms="4603" status="PASS">
          <params>
            <param index="0">
              <value>
                <![CDATA["Verify the url on the Array page"]]>
              </value>
            </param>
            <param index="1">
              <value>
                <![CDATA["Array page functionality"]]>
              </value>
            </param>
          </params>
          <reporter-output>
          </reporter-output>
        </test-method> <!-- runScenario -->
        <test-method signature="runScenario(io.cucumber.testng.PickleWrapper,io.cucumber.testng.FeatureWrapper)[pri:0, instance:runner.TestRunner@58e92c23]" started-at="2024-06-27T16:48:00 CDT" name="runScenario" description="Runs Cucumber Scenarios" data-provider="scenarios" finished-at="2024-06-27T16:48:05 CDT" duration-ms="5170" status="PASS">
          <params>
            <param index="0">
              <value>
                <![CDATA["Verify the Array page title"]]>
              </value>
            </param>
            <param index="1">
              <value>
                <![CDATA["Array page functionality"]]>
              </value>
            </param>
          </params>
          <reporter-output>
          </reporter-output>
        </test-method> <!-- runScenario -->
        <test-method signature="runScenario(io.cucumber.testng.PickleWrapper,io.cucumber.testng.FeatureWrapper)[pri:0, instance:runner.TestRunner@58e92c23]" started-at="2024-06-27T16:48:05 CDT" name="runScenario" description="Runs Cucumber Scenarios" data-provider="scenarios" finished-at="2024-06-27T16:48:10 CDT" duration-ms="4821" status="PASS">
          <params>
            <param index="0">
              <value>
                <![CDATA["Verify "Arrays in Python" link is clickable"]]>
              </value>
            </param>
            <param index="1">
              <value>
                <![CDATA["Array page functionality"]]>
              </value>
            </param>
          </params>
          <reporter-output>
          </reporter-output>
        </test-method> <!-- runScenario -->
        <test-method signature="runScenario(io.cucumber.testng.PickleWrapper,io.cucumber.testng.FeatureWrapper)[pri:0, instance:runner.TestRunner@58e92c23]" started-at="2024-06-27T16:48:10 CDT" name="runScenario" description="Runs Cucumber Scenarios" data-provider="scenarios" finished-at="2024-06-27T16:48:15 CDT" duration-ms="4667" status="PASS">
          <params>
            <param index="0">
              <value>
                <![CDATA["Verify "Arrays Using List" link is clickable"]]>
              </value>
            </param>
            <param index="1">
              <value>
                <![CDATA["Array page functionality"]]>
              </value>
            </param>
          </params>
          <reporter-output>
          </reporter-output>
        </test-method> <!-- runScenario -->
        <test-method signature="runScenario(io.cucumber.testng.PickleWrapper,io.cucumber.testng.FeatureWrapper)[pri:0, instance:runner.TestRunner@58e92c23]" started-at="2024-06-27T16:48:15 CDT" name="runScenario" description="Runs Cucumber Scenarios" data-provider="scenarios" finished-at="2024-06-27T16:48:20 CDT" duration-ms="4816" status="PASS">
          <params>
            <param index="0">
              <value>
                <![CDATA["Verify "Basic Operations in Lists link" is clickable"]]>
              </value>
            </param>
            <param index="1">
              <value>
                <![CDATA["Array page functionality"]]>
              </value>
            </param>
          </params>
          <reporter-output>
          </reporter-output>
        </test-method> <!-- runScenario -->
        <test-method signature="runScenario(io.cucumber.testng.PickleWrapper,io.cucumber.testng.FeatureWrapper)[pri:0, instance:runner.TestRunner@58e92c23]" started-at="2024-06-27T16:48:20 CDT" name="runScenario" description="Runs Cucumber Scenarios" data-provider="scenarios" finished-at="2024-06-27T16:48:24 CDT" duration-ms="4714" status="PASS">
          <params>
            <param index="0">
              <value>
                <![CDATA["Verify "Applications of Array" link is clickable"]]>
              </value>
            </param>
            <param index="1">
              <value>
                <![CDATA["Array page functionality"]]>
              </value>
            </param>
          </params>
          <reporter-output>
          </reporter-output>
        </test-method> <!-- runScenario -->
        <test-method signature="runScenario(io.cucumber.testng.PickleWrapper,io.cucumber.testng.FeatureWrapper)[pri:0, instance:runner.TestRunner@58e92c23]" started-at="2024-06-27T16:48:24 CDT" name="runScenario" description="Runs Cucumber Scenarios" data-provider="scenarios" finished-at="2024-06-27T16:48:29 CDT" duration-ms="4702" status="PASS">
          <params>
            <param index="0">
              <value>
                <![CDATA["Verify Arrays in Python header on the "Arrays in Python" page"]]>
              </value>
            </param>
            <param index="1">
              <value>
                <![CDATA["Verify "Arrays in Python" page functionality"]]>
              </value>
            </param>
          </params>
          <reporter-output>
          </reporter-output>
        </test-method> <!-- runScenario -->
        <test-method signature="runScenario(io.cucumber.testng.PickleWrapper,io.cucumber.testng.FeatureWrapper)[pri:0, instance:runner.TestRunner@58e92c23]" started-at="2024-06-27T16:48:29 CDT" name="runScenario" description="Runs Cucumber Scenarios" data-provider="scenarios" finished-at="2024-06-27T16:48:34 CDT" duration-ms="4714" status="PASS">
          <params>
            <param index="0">
              <value>
                <![CDATA["Verify Array header on the "Arrays in Python" page"]]>
              </value>
            </param>
            <param index="1">
              <value>
                <![CDATA["Verify "Arrays in Python" page functionality"]]>
              </value>
            </param>
          </params>
          <reporter-output>
          </reporter-output>
        </test-method> <!-- runScenario -->
        <test-method signature="runScenario(io.cucumber.testng.PickleWrapper,io.cucumber.testng.FeatureWrapper)[pri:0, instance:runner.TestRunner@58e92c23]" started-at="2024-06-27T16:48:34 CDT" name="runScenario" description="Runs Cucumber Scenarios" data-provider="scenarios" finished-at="2024-06-27T16:48:39 CDT" duration-ms="4957" status="PASS">
          <params>
            <param index="0">
              <value>
                <![CDATA["Verify total links present on the "Arrays in Python" page"]]>
              </value>
            </param>
            <param index="1">
              <value>
                <![CDATA["Verify "Arrays in Python" page functionality"]]>
              </value>
            </param>
          </params>
          <reporter-output>
          </reporter-output>
        </test-method> <!-- runScenario -->
        <test-method signature="runScenario(io.cucumber.testng.PickleWrapper,io.cucumber.testng.FeatureWrapper)[pri:0, instance:runner.TestRunner@58e92c23]" started-at="2024-06-27T16:48:39 CDT" name="runScenario" description="Runs Cucumber Scenarios" data-provider="scenarios" finished-at="2024-06-27T16:48:44 CDT" duration-ms="4966" status="PASS">
          <params>
            <param index="0">
              <value>
                <![CDATA["Verify the text of all the links on the "Arrays in Python" page"]]>
              </value>
            </param>
            <param index="1">
              <value>
                <![CDATA["Verify "Arrays in Python" page functionality"]]>
              </value>
            </param>
          </params>
          <reporter-output>
          </reporter-output>
        </test-method> <!-- runScenario -->
        <test-method signature="runScenario(io.cucumber.testng.PickleWrapper,io.cucumber.testng.FeatureWrapper)[pri:0, instance:runner.TestRunner@58e92c23]" started-at="2024-06-27T16:48:44 CDT" name="runScenario" description="Runs Cucumber Scenarios" data-provider="scenarios" finished-at="2024-06-27T16:48:49 CDT" duration-ms="4737" status="PASS">
          <params>
            <param index="0">
              <value>
                <![CDATA["Verify the page source on the "Arrays in Python" page"]]>
              </value>
            </param>
            <param index="1">
              <value>
                <![CDATA["Verify "Arrays in Python" page functionality"]]>
              </value>
            </param>
          </params>
          <reporter-output>
          </reporter-output>
        </test-method> <!-- runScenario -->
        <test-method signature="runScenario(io.cucumber.testng.PickleWrapper,io.cucumber.testng.FeatureWrapper)[pri:0, instance:runner.TestRunner@58e92c23]" started-at="2024-06-27T16:48:49 CDT" name="runScenario" description="Runs Cucumber Scenarios" data-provider="scenarios" finished-at="2024-06-27T16:48:53 CDT" duration-ms="4929" status="PASS">
          <params>
            <param index="0">
              <value>
                <![CDATA["Verify the url on the "Arrays in Python" page"]]>
              </value>
            </param>
            <param index="1">
              <value>
                <![CDATA["Verify "Arrays in Python" page functionality"]]>
              </value>
            </param>
          </params>
          <reporter-output>
          </reporter-output>
        </test-method> <!-- runScenario -->
        <test-method signature="runScenario(io.cucumber.testng.PickleWrapper,io.cucumber.testng.FeatureWrapper)[pri:0, instance:runner.TestRunner@58e92c23]" started-at="2024-06-27T16:48:53 CDT" name="runScenario" description="Runs Cucumber Scenarios" data-provider="scenarios" finished-at="2024-06-27T16:48:59 CDT" duration-ms="5100" status="PASS">
          <params>
            <param index="0">
              <value>
                <![CDATA["Verify the "Arrays in Python" page title"]]>
              </value>
            </param>
            <param index="1">
              <value>
                <![CDATA["Verify "Arrays in Python" page functionality"]]>
              </value>
            </param>
          </params>
          <reporter-output>
          </reporter-output>
        </test-method> <!-- runScenario -->
        <test-method signature="runScenario(io.cucumber.testng.PickleWrapper,io.cucumber.testng.FeatureWrapper)[pri:0, instance:runner.TestRunner@58e92c23]" started-at="2024-06-27T16:48:59 CDT" name="runScenario" description="Runs Cucumber Scenarios" data-provider="scenarios" finished-at="2024-06-27T16:49:04 CDT" duration-ms="5005" status="PASS">
          <params>
            <param index="0">
              <value>
                <![CDATA["Verify "Arrays in Python" link is clickable"]]>
              </value>
            </param>
            <param index="1">
              <value>
                <![CDATA["Verify "Arrays in Python" page functionality"]]>
              </value>
            </param>
          </params>
          <reporter-output>
          </reporter-output>
        </test-method> <!-- runScenario -->
        <test-method signature="runScenario(io.cucumber.testng.PickleWrapper,io.cucumber.testng.FeatureWrapper)[pri:0, instance:runner.TestRunner@58e92c23]" started-at="2024-06-27T16:49:04 CDT" name="runScenario" description="Runs Cucumber Scenarios" data-provider="scenarios" finished-at="2024-06-27T16:49:09 CDT" duration-ms="4932" status="PASS">
          <params>
            <param index="0">
              <value>
                <![CDATA["Verify "Arrays Using List" link is clickable"]]>
              </value>
            </param>
            <param index="1">
              <value>
                <![CDATA["Verify "Arrays in Python" page functionality"]]>
              </value>
            </param>
          </params>
          <reporter-output>
          </reporter-output>
        </test-method> <!-- runScenario -->
        <test-method signature="runScenario(io.cucumber.testng.PickleWrapper,io.cucumber.testng.FeatureWrapper)[pri:0, instance:runner.TestRunner@58e92c23]" started-at="2024-06-27T16:49:09 CDT" name="runScenario" description="Runs Cucumber Scenarios" data-provider="scenarios" finished-at="2024-06-27T16:49:14 CDT" duration-ms="5068" status="PASS">
          <params>
            <param index="0">
              <value>
                <![CDATA["Verify "Basic Operations in Lists" link is clickable"]]>
              </value>
            </param>
            <param index="1">
              <value>
                <![CDATA["Verify "Arrays in Python" page functionality"]]>
              </value>
            </param>
          </params>
          <reporter-output>
          </reporter-output>
        </test-method> <!-- runScenario -->
        <test-method signature="runScenario(io.cucumber.testng.PickleWrapper,io.cucumber.testng.FeatureWrapper)[pri:0, instance:runner.TestRunner@58e92c23]" started-at="2024-06-27T16:49:14 CDT" name="runScenario" description="Runs Cucumber Scenarios" data-provider="scenarios" finished-at="2024-06-27T16:49:19 CDT" duration-ms="5015" status="PASS">
          <params>
            <param index="0">
              <value>
                <![CDATA["Verify "Applications of Array" link is clickable"]]>
              </value>
            </param>
            <param index="1">
              <value>
                <![CDATA["Verify "Arrays in Python" page functionality"]]>
              </value>
            </param>
          </params>
          <reporter-output>
          </reporter-output>
        </test-method> <!-- runScenario -->
        <test-method signature="runScenario(io.cucumber.testng.PickleWrapper,io.cucumber.testng.FeatureWrapper)[pri:0, instance:runner.TestRunner@58e92c23]" started-at="2024-06-27T16:49:19 CDT" name="runScenario" description="Runs Cucumber Scenarios" data-provider="scenarios" finished-at="2024-06-27T16:49:24 CDT" duration-ms="5167" status="PASS">
          <params>
            <param index="0">
              <value>
                <![CDATA["Verify "Practice Questions" link is clickable"]]>
              </value>
            </param>
            <param index="1">
              <value>
                <![CDATA["Verify "Arrays in Python" page functionality"]]>
              </value>
            </param>
          </params>
          <reporter-output>
          </reporter-output>
        </test-method> <!-- runScenario -->
        <test-method signature="runScenario(io.cucumber.testng.PickleWrapper,io.cucumber.testng.FeatureWrapper)[pri:0, instance:runner.TestRunner@58e92c23]" started-at="2024-06-27T16:49:24 CDT" name="runScenario" description="Runs Cucumber Scenarios" data-provider="scenarios" finished-at="2024-06-27T16:49:29 CDT" duration-ms="5172" status="PASS">
          <params>
            <param index="0">
              <value>
                <![CDATA["Verify "Try here" button"]]>
              </value>
            </param>
            <param index="1">
              <value>
                <![CDATA["Verify "Arrays in Python" page functionality"]]>
              </value>
            </param>
          </params>
          <reporter-output>
          </reporter-output>
        </test-method> <!-- runScenario -->
        <test-method signature="runScenario(io.cucumber.testng.PickleWrapper,io.cucumber.testng.FeatureWrapper)[pri:0, instance:runner.TestRunner@58e92c23]" started-at="2024-06-27T16:49:29 CDT" name="runScenario" description="Runs Cucumber Scenarios" data-provider="scenarios" finished-at="2024-06-27T16:49:34 CDT" duration-ms="4745" status="PASS">
          <params>
            <param index="0">
              <value>
                <![CDATA["Verify the page header on the "Arrays Using List" page"]]>
              </value>
            </param>
            <param index="1">
              <value>
                <![CDATA["Verify "Arrays Using List" page functionality"]]>
              </value>
            </param>
          </params>
          <reporter-output>
          </reporter-output>
        </test-method> <!-- runScenario -->
        <test-method signature="runScenario(io.cucumber.testng.PickleWrapper,io.cucumber.testng.FeatureWrapper)[pri:0, instance:runner.TestRunner@58e92c23]" started-at="2024-06-27T16:49:34 CDT" name="runScenario" description="Runs Cucumber Scenarios" data-provider="scenarios" finished-at="2024-06-27T16:49:38 CDT" duration-ms="4747" status="PASS">
          <params>
            <param index="0">
              <value>
                <![CDATA["Verify total links present on the "Arrays Using List" page"]]>
              </value>
            </param>
            <param index="1">
              <value>
                <![CDATA["Verify "Arrays Using List" page functionality"]]>
              </value>
            </param>
          </params>
          <reporter-output>
          </reporter-output>
        </test-method> <!-- runScenario -->
        <test-method signature="runScenario(io.cucumber.testng.PickleWrapper,io.cucumber.testng.FeatureWrapper)[pri:0, instance:runner.TestRunner@58e92c23]" started-at="2024-06-27T16:49:38 CDT" name="runScenario" description="Runs Cucumber Scenarios" data-provider="scenarios" finished-at="2024-06-27T16:49:43 CDT" duration-ms="4986" status="PASS">
          <params>
            <param index="0">
              <value>
                <![CDATA["Verify the text of all the links on the "Arrays Using List" page"]]>
              </value>
            </param>
            <param index="1">
              <value>
                <![CDATA["Verify "Arrays Using List" page functionality"]]>
              </value>
            </param>
          </params>
          <reporter-output>
          </reporter-output>
        </test-method> <!-- runScenario -->
        <test-method signature="runScenario(io.cucumber.testng.PickleWrapper,io.cucumber.testng.FeatureWrapper)[pri:0, instance:runner.TestRunner@58e92c23]" started-at="2024-06-27T16:49:43 CDT" name="runScenario" description="Runs Cucumber Scenarios" data-provider="scenarios" finished-at="2024-06-27T16:49:48 CDT" duration-ms="4706" status="PASS">
          <params>
            <param index="0">
              <value>
                <![CDATA["Verify the page source on the "Arrays Using List" page"]]>
              </value>
            </param>
            <param index="1">
              <value>
                <![CDATA["Verify "Arrays Using List" page functionality"]]>
              </value>
            </param>
          </params>
          <reporter-output>
          </reporter-output>
        </test-method> <!-- runScenario -->
        <test-method signature="runScenario(io.cucumber.testng.PickleWrapper,io.cucumber.testng.FeatureWrapper)[pri:0, instance:runner.TestRunner@58e92c23]" started-at="2024-06-27T16:49:48 CDT" name="runScenario" description="Runs Cucumber Scenarios" data-provider="scenarios" finished-at="2024-06-27T16:49:53 CDT" duration-ms="4745" status="PASS">
          <params>
            <param index="0">
              <value>
                <![CDATA["Verify the url of the "Arrays Using List" page"]]>
              </value>
            </param>
            <param index="1">
              <value>
                <![CDATA["Verify "Arrays Using List" page functionality"]]>
              </value>
            </param>
          </params>
          <reporter-output>
          </reporter-output>
        </test-method> <!-- runScenario -->
        <test-method signature="runScenario(io.cucumber.testng.PickleWrapper,io.cucumber.testng.FeatureWrapper)[pri:0, instance:runner.TestRunner@58e92c23]" started-at="2024-06-27T16:49:53 CDT" name="runScenario" description="Runs Cucumber Scenarios" data-provider="scenarios" finished-at="2024-06-27T16:49:58 CDT" duration-ms="4712" status="PASS">
          <params>
            <param index="0">
              <value>
                <![CDATA["Verify the "Arrays Using List" page title"]]>
              </value>
            </param>
            <param index="1">
              <value>
                <![CDATA["Verify "Arrays Using List" page functionality"]]>
              </value>
            </param>
          </params>
          <reporter-output>
          </reporter-output>
        </test-method> <!-- runScenario -->
        <test-method signature="runScenario(io.cucumber.testng.PickleWrapper,io.cucumber.testng.FeatureWrapper)[pri:0, instance:runner.TestRunner@58e92c23]" started-at="2024-06-27T16:49:58 CDT" name="runScenario" description="Runs Cucumber Scenarios" data-provider="scenarios" finished-at="2024-06-27T16:50:03 CDT" duration-ms="5005" status="PASS">
          <params>
            <param index="0">
              <value>
                <![CDATA["Verify "Arrays in Python" link is clickable"]]>
              </value>
            </param>
            <param index="1">
              <value>
                <![CDATA["Verify "Arrays Using List" page functionality"]]>
              </value>
            </param>
          </params>
          <reporter-output>
          </reporter-output>
        </test-method> <!-- runScenario -->
        <test-method signature="runScenario(io.cucumber.testng.PickleWrapper,io.cucumber.testng.FeatureWrapper)[pri:0, instance:runner.TestRunner@58e92c23]" started-at="2024-06-27T16:50:03 CDT" name="runScenario" description="Runs Cucumber Scenarios" data-provider="scenarios" finished-at="2024-06-27T16:50:07 CDT" duration-ms="4860" status="PASS">
          <params>
            <param index="0">
              <value>
                <![CDATA["Verify "Arrays Using List" link is clickable"]]>
              </value>
            </param>
            <param index="1">
              <value>
                <![CDATA["Verify "Arrays Using List" page functionality"]]>
              </value>
            </param>
          </params>
          <reporter-output>
          </reporter-output>
        </test-method> <!-- runScenario -->
        <test-method signature="runScenario(io.cucumber.testng.PickleWrapper,io.cucumber.testng.FeatureWrapper)[pri:0, instance:runner.TestRunner@58e92c23]" started-at="2024-06-27T16:50:07 CDT" name="runScenario" description="Runs Cucumber Scenarios" data-provider="scenarios" finished-at="2024-06-27T16:50:13 CDT" duration-ms="5393" status="PASS">
          <params>
            <param index="0">
              <value>
                <![CDATA["Verify "Basic Operations in Lists" link is clickable"]]>
              </value>
            </param>
            <param index="1">
              <value>
                <![CDATA["Verify "Arrays Using List" page functionality"]]>
              </value>
            </param>
          </params>
          <reporter-output>
          </reporter-output>
        </test-method> <!-- runScenario -->
        <test-method signature="runScenario(io.cucumber.testng.PickleWrapper,io.cucumber.testng.FeatureWrapper)[pri:0, instance:runner.TestRunner@58e92c23]" started-at="2024-06-27T16:50:13 CDT" name="runScenario" description="Runs Cucumber Scenarios" data-provider="scenarios" finished-at="2024-06-27T16:50:18 CDT" duration-ms="5150" status="PASS">
          <params>
            <param index="0">
              <value>
                <![CDATA["Verify "Applications of Array" link is clickable"]]>
              </value>
            </param>
            <param index="1">
              <value>
                <![CDATA["Verify "Arrays Using List" page functionality"]]>
              </value>
            </param>
          </params>
          <reporter-output>
          </reporter-output>
        </test-method> <!-- runScenario -->
        <test-method signature="runScenario(io.cucumber.testng.PickleWrapper,io.cucumber.testng.FeatureWrapper)[pri:0, instance:runner.TestRunner@58e92c23]" started-at="2024-06-27T16:50:18 CDT" name="runScenario" description="Runs Cucumber Scenarios" data-provider="scenarios" finished-at="2024-06-27T16:50:23 CDT" duration-ms="5282" status="PASS">
          <params>
            <param index="0">
              <value>
                <![CDATA["Verify "Practice Questions" link is clickable"]]>
              </value>
            </param>
            <param index="1">
              <value>
                <![CDATA["Verify "Arrays Using List" page functionality"]]>
              </value>
            </param>
          </params>
          <reporter-output>
          </reporter-output>
        </test-method> <!-- runScenario -->
        <test-method signature="runScenario(io.cucumber.testng.PickleWrapper,io.cucumber.testng.FeatureWrapper)[pri:0, instance:runner.TestRunner@58e92c23]" started-at="2024-06-27T16:50:23 CDT" name="runScenario" description="Runs Cucumber Scenarios" data-provider="scenarios" finished-at="2024-06-27T16:50:29 CDT" duration-ms="5428" status="PASS">
          <params>
            <param index="0">
              <value>
                <![CDATA["Verify "Try here" button"]]>
              </value>
            </param>
            <param index="1">
              <value>
                <![CDATA["Verify "Arrays Using List" page functionality"]]>
              </value>
            </param>
          </params>
          <reporter-output>
          </reporter-output>
        </test-method> <!-- runScenario -->
        <test-method signature="runScenario(io.cucumber.testng.PickleWrapper,io.cucumber.testng.FeatureWrapper)[pri:0, instance:runner.TestRunner@58e92c23]" started-at="2024-06-27T16:50:29 CDT" name="runScenario" description="Runs Cucumber Scenarios" data-provider="scenarios" finished-at="2024-06-27T16:50:35 CDT" duration-ms="6620" status="PASS">
          <params>
            <param index="0">
              <value>
                <![CDATA["Verify the page header on the "Basic Operations in Lists" page"]]>
              </value>
            </param>
            <param index="1">
              <value>
                <![CDATA["Verify "Basic Operations in Lists" page functionality"]]>
              </value>
            </param>
          </params>
          <reporter-output>
          </reporter-output>
        </test-method> <!-- runScenario -->
        <test-method signature="runScenario(io.cucumber.testng.PickleWrapper,io.cucumber.testng.FeatureWrapper)[pri:0, instance:runner.TestRunner@58e92c23]" started-at="2024-06-27T16:50:35 CDT" name="runScenario" description="Runs Cucumber Scenarios" data-provider="scenarios" finished-at="2024-06-27T16:50:40 CDT" duration-ms="4901" status="PASS">
          <params>
            <param index="0">
              <value>
                <![CDATA["Verify total links present on the "Basic Operations in Lists" page"]]>
              </value>
            </param>
            <param index="1">
              <value>
                <![CDATA["Verify "Basic Operations in Lists" page functionality"]]>
              </value>
            </param>
          </params>
          <reporter-output>
          </reporter-output>
        </test-method> <!-- runScenario -->
        <test-method signature="runScenario(io.cucumber.testng.PickleWrapper,io.cucumber.testng.FeatureWrapper)[pri:0, instance:runner.TestRunner@58e92c23]" started-at="2024-06-27T16:50:40 CDT" name="runScenario" description="Runs Cucumber Scenarios" data-provider="scenarios" finished-at="2024-06-27T16:50:45 CDT" duration-ms="5021" status="PASS">
          <params>
            <param index="0">
              <value>
                <![CDATA["Verify the text of all the links on the "Basic Operations in Lists" page"]]>
              </value>
            </param>
            <param index="1">
              <value>
                <![CDATA["Verify "Basic Operations in Lists" page functionality"]]>
              </value>
            </param>
          </params>
          <reporter-output>
          </reporter-output>
        </test-method> <!-- runScenario -->
        <test-method signature="runScenario(io.cucumber.testng.PickleWrapper,io.cucumber.testng.FeatureWrapper)[pri:0, instance:runner.TestRunner@58e92c23]" started-at="2024-06-27T16:50:45 CDT" name="runScenario" description="Runs Cucumber Scenarios" data-provider="scenarios" finished-at="2024-06-27T16:50:50 CDT" duration-ms="4855" status="PASS">
          <params>
            <param index="0">
              <value>
                <![CDATA["Verify the page source on the "Basic Operations in Lists" page"]]>
              </value>
            </param>
            <param index="1">
              <value>
                <![CDATA["Verify "Basic Operations in Lists" page functionality"]]>
              </value>
            </param>
          </params>
          <reporter-output>
          </reporter-output>
        </test-method> <!-- runScenario -->
        <test-method signature="runScenario(io.cucumber.testng.PickleWrapper,io.cucumber.testng.FeatureWrapper)[pri:0, instance:runner.TestRunner@58e92c23]" started-at="2024-06-27T16:50:50 CDT" name="runScenario" description="Runs Cucumber Scenarios" data-provider="scenarios" finished-at="2024-06-27T16:50:55 CDT" duration-ms="4817" status="PASS">
          <params>
            <param index="0">
              <value>
                <![CDATA["Verify the url of the "Basic Operations in Lists" page"]]>
              </value>
            </param>
            <param index="1">
              <value>
                <![CDATA["Verify "Basic Operations in Lists" page functionality"]]>
              </value>
            </param>
          </params>
          <reporter-output>
          </reporter-output>
        </test-method> <!-- runScenario -->
        <test-method signature="runScenario(io.cucumber.testng.PickleWrapper,io.cucumber.testng.FeatureWrapper)[pri:0, instance:runner.TestRunner@58e92c23]" started-at="2024-06-27T16:50:55 CDT" name="runScenario" description="Runs Cucumber Scenarios" data-provider="scenarios" finished-at="2024-06-27T16:51:00 CDT" duration-ms="4811" status="PASS">
          <params>
            <param index="0">
              <value>
                <![CDATA["Verify the "Basic Operations in Lists" page title"]]>
              </value>
            </param>
            <param index="1">
              <value>
                <![CDATA["Verify "Basic Operations in Lists" page functionality"]]>
              </value>
            </param>
          </params>
          <reporter-output>
          </reporter-output>
        </test-method> <!-- runScenario -->
        <test-method signature="runScenario(io.cucumber.testng.PickleWrapper,io.cucumber.testng.FeatureWrapper)[pri:0, instance:runner.TestRunner@58e92c23]" started-at="2024-06-27T16:51:00 CDT" name="runScenario" description="Runs Cucumber Scenarios" data-provider="scenarios" finished-at="2024-06-27T16:51:05 CDT" duration-ms="5238" status="PASS">
          <params>
            <param index="0">
              <value>
                <![CDATA["Verify "Arrays in Python" link is clickable"]]>
              </value>
            </param>
            <param index="1">
              <value>
                <![CDATA["Verify "Basic Operations in Lists" page functionality"]]>
              </value>
            </param>
          </params>
          <reporter-output>
          </reporter-output>
        </test-method> <!-- runScenario -->
        <test-method signature="runScenario(io.cucumber.testng.PickleWrapper,io.cucumber.testng.FeatureWrapper)[pri:0, instance:runner.TestRunner@58e92c23]" started-at="2024-06-27T16:51:05 CDT" name="runScenario" description="Runs Cucumber Scenarios" data-provider="scenarios" finished-at="2024-06-27T16:51:10 CDT" duration-ms="5068" status="PASS">
          <params>
            <param index="0">
              <value>
                <![CDATA["Verify "Arrays Using List" link is clickable"]]>
              </value>
            </param>
            <param index="1">
              <value>
                <![CDATA["Verify "Basic Operations in Lists" page functionality"]]>
              </value>
            </param>
          </params>
          <reporter-output>
          </reporter-output>
        </test-method> <!-- runScenario -->
        <test-method signature="runScenario(io.cucumber.testng.PickleWrapper,io.cucumber.testng.FeatureWrapper)[pri:0, instance:runner.TestRunner@58e92c23]" started-at="2024-06-27T16:51:10 CDT" name="runScenario" description="Runs Cucumber Scenarios" data-provider="scenarios" finished-at="2024-06-27T16:51:15 CDT" duration-ms="5020" status="PASS">
          <params>
            <param index="0">
              <value>
                <![CDATA["Verify "Basic Operations in Lists" link is clickable"]]>
              </value>
            </param>
            <param index="1">
              <value>
                <![CDATA["Verify "Basic Operations in Lists" page functionality"]]>
              </value>
            </param>
          </params>
          <reporter-output>
          </reporter-output>
        </test-method> <!-- runScenario -->
        <test-method signature="runScenario(io.cucumber.testng.PickleWrapper,io.cucumber.testng.FeatureWrapper)[pri:0, instance:runner.TestRunner@58e92c23]" started-at="2024-06-27T16:51:15 CDT" name="runScenario" description="Runs Cucumber Scenarios" data-provider="scenarios" finished-at="2024-06-27T16:51:20 CDT" duration-ms="5041" status="PASS">
          <params>
            <param index="0">
              <value>
                <![CDATA["Verify "Applications of Array" link is clickable"]]>
              </value>
            </param>
            <param index="1">
              <value>
                <![CDATA["Verify "Basic Operations in Lists" page functionality"]]>
              </value>
            </param>
          </params>
          <reporter-output>
          </reporter-output>
        </test-method> <!-- runScenario -->
        <test-method signature="runScenario(io.cucumber.testng.PickleWrapper,io.cucumber.testng.FeatureWrapper)[pri:0, instance:runner.TestRunner@58e92c23]" started-at="2024-06-27T16:51:20 CDT" name="runScenario" description="Runs Cucumber Scenarios" data-provider="scenarios" finished-at="2024-06-27T16:51:25 CDT" duration-ms="5182" status="PASS">
          <params>
            <param index="0">
              <value>
                <![CDATA["Verify "Practice Questions" link is clickable"]]>
              </value>
            </param>
            <param index="1">
              <value>
                <![CDATA["Verify "Basic Operations in Lists" page functionality"]]>
              </value>
            </param>
          </params>
          <reporter-output>
          </reporter-output>
        </test-method> <!-- runScenario -->
        <test-method signature="runScenario(io.cucumber.testng.PickleWrapper,io.cucumber.testng.FeatureWrapper)[pri:0, instance:runner.TestRunner@58e92c23]" started-at="2024-06-27T16:51:25 CDT" name="runScenario" description="Runs Cucumber Scenarios" data-provider="scenarios" finished-at="2024-06-27T16:51:31 CDT" duration-ms="5357" status="PASS">
          <params>
            <param index="0">
              <value>
                <![CDATA["Verify "Try here" button"]]>
              </value>
            </param>
            <param index="1">
              <value>
                <![CDATA["Verify "Basic Operations in Lists" page functionality"]]>
              </value>
            </param>
          </params>
          <reporter-output>
          </reporter-output>
        </test-method> <!-- runScenario -->
        <test-method signature="runScenario(io.cucumber.testng.PickleWrapper,io.cucumber.testng.FeatureWrapper)[pri:0, instance:runner.TestRunner@58e92c23]" started-at="2024-06-27T16:51:31 CDT" name="runScenario" description="Runs Cucumber Scenarios" data-provider="scenarios" finished-at="2024-06-27T16:51:35 CDT" duration-ms="4672" status="PASS">
          <params>
            <param index="0">
              <value>
                <![CDATA["Verify the title on the Creating Linked LIst page"]]>
              </value>
            </param>
            <param index="1">
              <value>
                <![CDATA["Linked List page functionality"]]>
              </value>
            </param>
          </params>
          <reporter-output>
          </reporter-output>
        </test-method> <!-- runScenario -->
        <test-method signature="runScenario(io.cucumber.testng.PickleWrapper,io.cucumber.testng.FeatureWrapper)[pri:0, instance:runner.TestRunner@58e92c23]" started-at="2024-06-27T16:51:35 CDT" name="runScenario" description="Runs Cucumber Scenarios" data-provider="scenarios" finished-at="2024-06-27T16:51:40 CDT" duration-ms="5021" status="PASS">
          <params>
            <param index="0">
              <value>
                <![CDATA["Verify the Practice Question link on the Creating Linked LIst page"]]>
              </value>
            </param>
            <param index="1">
              <value>
                <![CDATA["Linked List page functionality"]]>
              </value>
            </param>
          </params>
          <reporter-output>
          </reporter-output>
        </test-method> <!-- runScenario -->
        <test-method signature="runScenario(io.cucumber.testng.PickleWrapper,io.cucumber.testng.FeatureWrapper)[pri:0, instance:runner.TestRunner@58e92c23]" started-at="2024-06-27T16:51:40 CDT" name="runScenario" description="Runs Cucumber Scenarios" data-provider="scenarios" finished-at="2024-06-27T16:51:45 CDT" duration-ms="4854" status="PASS">
          <params>
            <param index="0">
              <value>
                <![CDATA["Verify the title on the Deletion page"]]>
              </value>
            </param>
            <param index="1">
              <value>
                <![CDATA["Deletion page functionality"]]>
              </value>
            </param>
          </params>
          <reporter-output>
          </reporter-output>
        </test-method> <!-- runScenario -->
        <test-method signature="runScenario(io.cucumber.testng.PickleWrapper,io.cucumber.testng.FeatureWrapper)[pri:0, instance:runner.TestRunner@58e92c23]" started-at="2024-06-27T16:51:45 CDT" name="runScenario" description="Runs Cucumber Scenarios" data-provider="scenarios" finished-at="2024-06-27T16:51:50 CDT" duration-ms="5077" status="PASS">
          <params>
            <param index="0">
              <value>
                <![CDATA["Verify the Practice Question link on the Deletion page"]]>
              </value>
            </param>
            <param index="1">
              <value>
                <![CDATA["Deletion page functionality"]]>
              </value>
            </param>
          </params>
          <reporter-output>
          </reporter-output>
        </test-method> <!-- runScenario -->
        <test-method signature="runScenario(io.cucumber.testng.PickleWrapper,io.cucumber.testng.FeatureWrapper)[pri:0, instance:runner.TestRunner@58e92c23]" started-at="2024-06-27T16:51:50 CDT" name="runScenario" description="Runs Cucumber Scenarios" data-provider="scenarios" finished-at="2024-06-27T16:51:55 CDT" duration-ms="4981" status="PASS">
          <params>
            <param index="0">
              <value>
                <![CDATA["Verify the Data Structures drop down is displayed"]]>
              </value>
            </param>
            <param index="1">
              <value>
                <![CDATA["Deletion page functionality"]]>
              </value>
            </param>
          </params>
          <reporter-output>
          </reporter-output>
        </test-method> <!-- runScenario -->
        <test-method signature="runScenario(io.cucumber.testng.PickleWrapper,io.cucumber.testng.FeatureWrapper)[pri:0, instance:runner.TestRunner@58e92c23]" started-at="2024-06-27T16:51:55 CDT" name="runScenario" description="Runs Cucumber Scenarios" data-provider="scenarios" finished-at="2024-06-27T16:52:00 CDT" duration-ms="4842" status="PASS">
          <params>
            <param index="0">
              <value>
                <![CDATA["Verify the username is displayed"]]>
              </value>
            </param>
            <param index="1">
              <value>
                <![CDATA["Deletion page functionality"]]>
              </value>
            </param>
          </params>
          <reporter-output>
          </reporter-output>
        </test-method> <!-- runScenario -->
        <test-method signature="runScenario(io.cucumber.testng.PickleWrapper,io.cucumber.testng.FeatureWrapper)[pri:0, instance:runner.TestRunner@58e92c23]" started-at="2024-06-27T16:52:00 CDT" name="runScenario" description="Runs Cucumber Scenarios" data-provider="scenarios" finished-at="2024-06-27T16:52:05 CDT" duration-ms="4943" status="PASS">
          <params>
            <param index="0">
              <value>
                <![CDATA["Verify the Signout link is displayed"]]>
              </value>
            </param>
            <param index="1">
              <value>
                <![CDATA["Deletion page functionality"]]>
              </value>
            </param>
          </params>
          <reporter-output>
          </reporter-output>
        </test-method> <!-- runScenario -->
        <test-method signature="runScenario(io.cucumber.testng.PickleWrapper,io.cucumber.testng.FeatureWrapper)[pri:0, instance:runner.TestRunner@58e92c23]" started-at="2024-06-27T16:52:05 CDT" name="runScenario" description="Runs Cucumber Scenarios" data-provider="scenarios" finished-at="2024-06-27T16:52:10 CDT" duration-ms="4745" status="PASS">
          <params>
            <param index="0">
              <value>
                <![CDATA["Verify Title of Graph Respresntations page"]]>
              </value>
            </param>
            <param index="1">
              <value>
                <![CDATA["Graph Respresntations functionality"]]>
              </value>
            </param>
          </params>
          <reporter-output>
          </reporter-output>
        </test-method> <!-- runScenario -->
        <test-method signature="runScenario(io.cucumber.testng.PickleWrapper,io.cucumber.testng.FeatureWrapper)[pri:0, instance:runner.TestRunner@58e92c23]" started-at="2024-06-27T16:52:10 CDT" name="runScenario" description="Runs Cucumber Scenarios" data-provider="scenarios" finished-at="2024-06-27T16:52:15 CDT" duration-ms="4678" status="PASS">
          <params>
            <param index="0">
              <value>
                <![CDATA["Verify  Header on Graph Respresntations page"]]>
              </value>
            </param>
            <param index="1">
              <value>
                <![CDATA["Graph Respresntations functionality"]]>
              </value>
            </param>
          </params>
          <reporter-output>
          </reporter-output>
        </test-method> <!-- runScenario -->
        <test-method signature="runScenario(io.cucumber.testng.PickleWrapper,io.cucumber.testng.FeatureWrapper)[pri:0, instance:runner.TestRunner@58e92c23]" started-at="2024-06-27T16:52:15 CDT" name="runScenario" description="Runs Cucumber Scenarios" data-provider="scenarios" finished-at="2024-06-27T16:52:19 CDT" duration-ms="4741" status="PASS">
          <params>
            <param index="0">
              <value>
                <![CDATA["Verify Graph Respresntations Page Content"]]>
              </value>
            </param>
            <param index="1">
              <value>
                <![CDATA["Graph Respresntations functionality"]]>
              </value>
            </param>
          </params>
          <reporter-output>
          </reporter-output>
        </test-method> <!-- runScenario -->
        <test-method signature="runScenario(io.cucumber.testng.PickleWrapper,io.cucumber.testng.FeatureWrapper)[pri:0, instance:runner.TestRunner@58e92c23]" started-at="2024-06-27T16:52:19 CDT" name="runScenario" description="Runs Cucumber Scenarios" data-provider="scenarios" finished-at="2024-06-27T16:52:24 CDT" duration-ms="4761" status="PASS">
          <params>
            <param index="0">
              <value>
                <![CDATA["Verify Signout Link  on Graph Respresntations page"]]>
              </value>
            </param>
            <param index="1">
              <value>
                <![CDATA["Graph Respresntations functionality"]]>
              </value>
            </param>
          </params>
          <reporter-output>
          </reporter-output>
        </test-method> <!-- runScenario -->
        <test-method signature="runScenario(io.cucumber.testng.PickleWrapper,io.cucumber.testng.FeatureWrapper)[pri:0, instance:runner.TestRunner@58e92c23]" started-at="2024-06-27T16:52:24 CDT" name="runScenario" description="Runs Cucumber Scenarios" data-provider="scenarios" finished-at="2024-06-27T16:52:30 CDT" duration-ms="5928" status="PASS">
          <params>
            <param index="0">
              <value>
                <![CDATA["Verify number of  link on Graph Respresntations page"]]>
              </value>
            </param>
            <param index="1">
              <value>
                <![CDATA["Graph Respresntations functionality"]]>
              </value>
            </param>
          </params>
          <reporter-output>
          </reporter-output>
        </test-method> <!-- runScenario -->
        <test-method signature="runScenario(io.cucumber.testng.PickleWrapper,io.cucumber.testng.FeatureWrapper)[pri:0, instance:runner.TestRunner@58e92c23]" started-at="2024-06-27T16:52:30 CDT" name="runScenario" description="Runs Cucumber Scenarios" data-provider="scenarios" finished-at="2024-06-27T16:52:35 CDT" duration-ms="5209" status="PASS">
          <params>
            <param index="0">
              <value>
                <![CDATA["Verify TryEditor btn is  Clickable on Graph Respresntations Page"]]>
              </value>
            </param>
            <param index="1">
              <value>
                <![CDATA["Graph Respresntations functionality"]]>
              </value>
            </param>
          </params>
          <reporter-output>
          </reporter-output>
        </test-method> <!-- runScenario -->
        <test-method signature="runScenario(io.cucumber.testng.PickleWrapper,io.cucumber.testng.FeatureWrapper)[pri:0, instance:runner.TestRunner@58e92c23]" started-at="2024-06-27T16:52:35 CDT" name="runScenario" description="Runs Cucumber Scenarios" data-provider="scenarios" finished-at="2024-06-27T16:52:40 CDT" duration-ms="4949" status="PASS">
          <params>
            <param index="0">
              <value>
                <![CDATA["Verify PracticeQuestion Link is Clickable on Graph Respresntations"]]>
              </value>
            </param>
            <param index="1">
              <value>
                <![CDATA["Graph Respresntations functionality"]]>
              </value>
            </param>
          </params>
          <reporter-output>
          </reporter-output>
        </test-method> <!-- runScenario -->
        <test-method signature="runScenario(io.cucumber.testng.PickleWrapper,io.cucumber.testng.FeatureWrapper)[pri:0, instance:runner.TestRunner@58e92c23]" started-at="2024-06-27T16:52:40 CDT" name="runScenario" description="Runs Cucumber Scenarios" data-provider="scenarios" finished-at="2024-06-27T16:52:45 CDT" duration-ms="4525" status="PASS">
          <params>
            <param index="0">
              <value>
                <![CDATA["Verify Header of Graph page"]]>
              </value>
            </param>
            <param index="1">
              <value>
                <![CDATA["Graph functionality"]]>
              </value>
            </param>
          </params>
          <reporter-output>
          </reporter-output>
        </test-method> <!-- runScenario -->
        <test-method signature="runScenario(io.cucumber.testng.PickleWrapper,io.cucumber.testng.FeatureWrapper)[pri:0, instance:runner.TestRunner@58e92c23]" started-at="2024-06-27T16:52:45 CDT" name="runScenario" description="Runs Cucumber Scenarios" data-provider="scenarios" finished-at="2024-06-27T16:52:49 CDT" duration-ms="4442" status="PASS">
          <params>
            <param index="0">
              <value>
                <![CDATA["Verify GraphPage Content"]]>
              </value>
            </param>
            <param index="1">
              <value>
                <![CDATA["Graph functionality"]]>
              </value>
            </param>
          </params>
          <reporter-output>
          </reporter-output>
        </test-method> <!-- runScenario -->
        <test-method signature="runScenario(io.cucumber.testng.PickleWrapper,io.cucumber.testng.FeatureWrapper)[pri:0, instance:runner.TestRunner@58e92c23]" started-at="2024-06-27T16:52:49 CDT" name="runScenario" description="Runs Cucumber Scenarios" data-provider="scenarios" finished-at="2024-06-27T16:52:53 CDT" duration-ms="4385" status="PASS">
          <params>
            <param index="0">
              <value>
                <![CDATA["Verify Links on Graph page"]]>
              </value>
            </param>
            <param index="1">
              <value>
                <![CDATA["Graph functionality"]]>
              </value>
            </param>
          </params>
          <reporter-output>
          </reporter-output>
        </test-method> <!-- runScenario -->
        <test-method signature="runScenario(io.cucumber.testng.PickleWrapper,io.cucumber.testng.FeatureWrapper)[pri:0, instance:runner.TestRunner@58e92c23]" started-at="2024-06-27T16:52:53 CDT" name="runScenario" description="Runs Cucumber Scenarios" data-provider="scenarios" finished-at="2024-06-27T16:52:58 CDT" duration-ms="4470" status="PASS">
          <params>
            <param index="0">
              <value>
                <![CDATA["Verify Links on Graph page"]]>
              </value>
            </param>
            <param index="1">
              <value>
                <![CDATA["Graph functionality"]]>
              </value>
            </param>
          </params>
          <reporter-output>
          </reporter-output>
        </test-method> <!-- runScenario -->
        <test-method signature="runScenario(io.cucumber.testng.PickleWrapper,io.cucumber.testng.FeatureWrapper)[pri:0, instance:runner.TestRunner@58e92c23]" started-at="2024-06-27T16:52:58 CDT" name="runScenario" description="Runs Cucumber Scenarios" data-provider="scenarios" finished-at="2024-06-27T16:53:03 CDT" duration-ms="4935" status="PASS">
          <params>
            <param index="0">
              <value>
                <![CDATA["Verify Graph Representations Link is  clickable on  Graph page"]]>
              </value>
            </param>
            <param index="1">
              <value>
                <![CDATA["Graph functionality"]]>
              </value>
            </param>
          </params>
          <reporter-output>
          </reporter-output>
        </test-method> <!-- runScenario -->
        <test-method signature="runScenario(io.cucumber.testng.PickleWrapper,io.cucumber.testng.FeatureWrapper)[pri:0, instance:runner.TestRunner@58e92c23]" started-at="2024-06-27T16:53:03 CDT" name="runScenario" description="Runs Cucumber Scenarios" data-provider="scenarios" finished-at="2024-06-27T16:53:08 CDT" duration-ms="4763" status="PASS">
          <params>
            <param index="0">
              <value>
                <![CDATA["Verify Title of Implementation  page"]]>
              </value>
            </param>
            <param index="1">
              <value>
                <![CDATA["Implementation  functionality"]]>
              </value>
            </param>
          </params>
          <reporter-output>
          </reporter-output>
        </test-method> <!-- runScenario -->
        <test-method signature="runScenario(io.cucumber.testng.PickleWrapper,io.cucumber.testng.FeatureWrapper)[pri:0, instance:runner.TestRunner@58e92c23]" started-at="2024-06-27T16:53:08 CDT" name="runScenario" description="Runs Cucumber Scenarios" data-provider="scenarios" finished-at="2024-06-27T16:53:12 CDT" duration-ms="4787" status="PASS">
          <params>
            <param index="0">
              <value>
                <![CDATA["Verify  Header on Implementation page"]]>
              </value>
            </param>
            <param index="1">
              <value>
                <![CDATA["Implementation  functionality"]]>
              </value>
            </param>
          </params>
          <reporter-output>
          </reporter-output>
        </test-method> <!-- runScenario -->
        <test-method signature="runScenario(io.cucumber.testng.PickleWrapper,io.cucumber.testng.FeatureWrapper)[pri:0, instance:runner.TestRunner@58e92c23]" started-at="2024-06-27T16:53:12 CDT" name="runScenario" description="Runs Cucumber Scenarios" data-provider="scenarios" finished-at="2024-06-27T16:53:17 CDT" duration-ms="4590" status="PASS">
          <params>
            <param index="0">
              <value>
                <![CDATA["Verify ImplementationPage Content"]]>
              </value>
            </param>
            <param index="1">
              <value>
                <![CDATA["Implementation  functionality"]]>
              </value>
            </param>
          </params>
          <reporter-output>
          </reporter-output>
        </test-method> <!-- runScenario -->
        <test-method signature="runScenario(io.cucumber.testng.PickleWrapper,io.cucumber.testng.FeatureWrapper)[pri:0, instance:runner.TestRunner@58e92c23]" started-at="2024-06-27T16:53:17 CDT" name="runScenario" description="Runs Cucumber Scenarios" data-provider="scenarios" finished-at="2024-06-27T16:53:22 CDT" duration-ms="4747" status="PASS">
          <params>
            <param index="0">
              <value>
                <![CDATA["Verify Signout Link  on Implementation page"]]>
              </value>
            </param>
            <param index="1">
              <value>
                <![CDATA["Implementation  functionality"]]>
              </value>
            </param>
          </params>
          <reporter-output>
          </reporter-output>
        </test-method> <!-- runScenario -->
        <test-method signature="runScenario(io.cucumber.testng.PickleWrapper,io.cucumber.testng.FeatureWrapper)[pri:0, instance:runner.TestRunner@58e92c23]" started-at="2024-06-27T16:53:22 CDT" name="runScenario" description="Runs Cucumber Scenarios" data-provider="scenarios" finished-at="2024-06-27T16:53:26 CDT" duration-ms="4614" status="PASS">
          <params>
            <param index="0">
              <value>
                <![CDATA["Verify number of  link on Implementation page"]]>
              </value>
            </param>
            <param index="1">
              <value>
                <![CDATA["Implementation  functionality"]]>
              </value>
            </param>
          </params>
          <reporter-output>
          </reporter-output>
        </test-method> <!-- runScenario -->
        <test-method signature="runScenario(io.cucumber.testng.PickleWrapper,io.cucumber.testng.FeatureWrapper)[pri:0, instance:runner.TestRunner@58e92c23]" started-at="2024-06-27T16:53:26 CDT" name="runScenario" description="Runs Cucumber Scenarios" data-provider="scenarios" finished-at="2024-06-27T16:53:32 CDT" duration-ms="5155" status="PASS">
          <params>
            <param index="0">
              <value>
                <![CDATA["Verify TryEditor btn is  Clickable on Implementation page"]]>
              </value>
            </param>
            <param index="1">
              <value>
                <![CDATA["Implementation  functionality"]]>
              </value>
            </param>
          </params>
          <reporter-output>
          </reporter-output>
        </test-method> <!-- runScenario -->
        <test-method signature="runScenario(io.cucumber.testng.PickleWrapper,io.cucumber.testng.FeatureWrapper)[pri:0, instance:runner.TestRunner@58e92c23]" started-at="2024-06-27T16:53:32 CDT" name="runScenario" description="Runs Cucumber Scenarios" data-provider="scenarios" finished-at="2024-06-27T16:53:36 CDT" duration-ms="4839" status="PASS">
          <params>
            <param index="0">
              <value>
                <![CDATA["Verify PracticeQuestion Link is Clickable on Implementation Page"]]>
              </value>
            </param>
            <param index="1">
              <value>
                <![CDATA["Implementation  functionality"]]>
              </value>
            </param>
          </params>
          <reporter-output>
          </reporter-output>
[...]
          <params>
            <param index="0">
              <value>
                <![CDATA["Verify user is in the Implementation in Python page"]]>
              </value>
            </param>
            <param index="1">
              <value>
                <![CDATA["Tree functionality"]]>
              </value>
            </param>
          </params>
          <reporter-output>
          </reporter-output>
        </test-method> <!-- runScenario -->
        <test-method signature="runScenario(io.cucumber.testng.PickleWrapper,io.cucumber.testng.FeatureWrapper)[pri:0, instance:runner.TestRunner@58e92c23]" started-at="2024-06-27T17:04:47 CDT" name="runScenario" description="Runs Cucumber Scenarios" data-provider="scenarios" finished-at="2024-06-27T17:04:53 CDT" duration-ms="5517" status="PASS">
          <params>
            <param index="0">
              <value>
                <![CDATA["Verify user is able to use the tryEditor under Implementation in Python"]]>
              </value>
            </param>
            <param index="1">
              <value>
                <![CDATA["Tree functionality"]]>
              </value>
            </param>
          </params>
          <reporter-output>
          </reporter-output>
        </test-method> <!-- runScenario -->
        <test-method signature="runScenario(io.cucumber.testng.PickleWrapper,io.cucumber.testng.FeatureWrapper)[pri:0, instance:runner.TestRunner@58e92c23]" started-at="2024-06-27T17:04:53 CDT" name="runScenario" description="Runs Cucumber Scenarios" data-provider="scenarios" finished-at="2024-06-27T17:04:58 CDT" duration-ms="5287" status="PASS">
          <params>
            <param index="0">
              <value>
                <![CDATA["Verify user is able to land on the Binary Tree Traversals Page"]]>
              </value>
            </param>
            <param index="1">
              <value>
                <![CDATA["Tree functionality"]]>
              </value>
            </param>
          </params>
          <reporter-output>
          </reporter-output>
        </test-method> <!-- runScenario -->
        <test-method signature="runScenario(io.cucumber.testng.PickleWrapper,io.cucumber.testng.FeatureWrapper)[pri:0, instance:runner.TestRunner@58e92c23]" started-at="2024-06-27T17:04:58 CDT" name="runScenario" description="Runs Cucumber Scenarios" data-provider="scenarios" finished-at="2024-06-27T17:05:03 CDT" duration-ms="4998" status="PASS">
          <params>
            <param index="0">
              <value>
                <![CDATA["Verify user is in the Binary Tree Traversals page"]]>
              </value>
            </param>
            <param index="1">
              <value>
                <![CDATA["Tree functionality"]]>
              </value>
            </param>
          </params>
          <reporter-output>
          </reporter-output>
        </test-method> <!-- runScenario -->
        <test-method signature="runScenario(io.cucumber.testng.PickleWrapper,io.cucumber.testng.FeatureWrapper)[pri:0, instance:runner.TestRunner@58e92c23]" started-at="2024-06-27T17:05:03 CDT" name="runScenario" description="Runs Cucumber Scenarios" data-provider="scenarios" finished-at="2024-06-27T17:05:09 CDT" duration-ms="5593" status="PASS">
          <params>
            <param index="0">
              <value>
                <![CDATA["Verify user is able to use the tryEditor under Binary Tree Traversals"]]>
              </value>
            </param>
            <param index="1">
              <value>
                <![CDATA["Tree functionality"]]>
              </value>
            </param>
          </params>
          <reporter-output>
          </reporter-output>
        </test-method> <!-- runScenario -->
        <test-method signature="runScenario(io.cucumber.testng.PickleWrapper,io.cucumber.testng.FeatureWrapper)[pri:0, instance:runner.TestRunner@58e92c23]" started-at="2024-06-27T17:05:09 CDT" name="runScenario" description="Runs Cucumber Scenarios" data-provider="scenarios" finished-at="2024-06-27T17:05:14 CDT" duration-ms="5311" status="PASS">
          <params>
            <param index="0">
              <value>
                <![CDATA["Verify user is able to land on the Implementation of Binary Trees Page"]]>
              </value>
            </param>
            <param index="1">
              <value>
                <![CDATA["Tree functionality"]]>
              </value>
            </param>
          </params>
          <reporter-output>
          </reporter-output>
        </test-method> <!-- runScenario -->
        <test-method signature="runScenario(io.cucumber.testng.PickleWrapper,io.cucumber.testng.FeatureWrapper)[pri:0, instance:runner.TestRunner@58e92c23]" started-at="2024-06-27T17:05:14 CDT" name="runScenario" description="Runs Cucumber Scenarios" data-provider="scenarios" finished-at="2024-06-27T17:05:19 CDT" duration-ms="5006" status="PASS">
          <params>
            <param index="0">
              <value>
                <![CDATA["Verify user is in the Implementation of Binary Trees page"]]>
              </value>
            </param>
            <param index="1">
              <value>
                <![CDATA["Tree functionality"]]>
              </value>
            </param>
          </params>
          <reporter-output>
          </reporter-output>
        </test-method> <!-- runScenario -->
        <test-method signature="runScenario(io.cucumber.testng.PickleWrapper,io.cucumber.testng.FeatureWrapper)[pri:0, instance:runner.TestRunner@58e92c23]" started-at="2024-06-27T17:05:19 CDT" name="runScenario" description="Runs Cucumber Scenarios" data-provider="scenarios" finished-at="2024-06-27T17:05:24 CDT" duration-ms="5458" status="PASS">
          <params>
            <param index="0">
              <value>
                <![CDATA["Verify user is able to use the tryEditor under Implementation of Binary Trees"]]>
              </value>
            </param>
            <param index="1">
              <value>
                <![CDATA["Tree functionality"]]>
              </value>
            </param>
          </params>
          <reporter-output>
          </reporter-output>
        </test-method> <!-- runScenario -->
        <test-method signature="runScenario(io.cucumber.testng.PickleWrapper,io.cucumber.testng.FeatureWrapper)[pri:0, instance:runner.TestRunner@58e92c23]" started-at="2024-06-27T17:05:24 CDT" name="runScenario" description="Runs Cucumber Scenarios" data-provider="scenarios" finished-at="2024-06-27T17:05:29 CDT" duration-ms="5058" status="PASS">
          <params>
            <param index="0">
              <value>
                <![CDATA["Verify user is able to land on the Applications of Binary Trees Page"]]>
              </value>
            </param>
            <param index="1">
              <value>
                <![CDATA["Tree functionality"]]>
              </value>
            </param>
          </params>
          <reporter-output>
          </reporter-output>
        </test-method> <!-- runScenario -->
        <test-method signature="runScenario(io.cucumber.testng.PickleWrapper,io.cucumber.testng.FeatureWrapper)[pri:0, instance:runner.TestRunner@58e92c23]" started-at="2024-06-27T17:05:29 CDT" name="runScenario" description="Runs Cucumber Scenarios" data-provider="scenarios" finished-at="2024-06-27T17:05:35 CDT" duration-ms="5111" status="PASS">
          <params>
            <param index="0">
              <value>
                <![CDATA["Verify user is in the Applications of Binary Trees page"]]>
              </value>
            </param>
            <param index="1">
              <value>
                <![CDATA["Tree functionality"]]>
              </value>
            </param>
          </params>
          <reporter-output>
          </reporter-output>
        </test-method> <!-- runScenario -->
        <test-method signature="runScenario(io.cucumber.testng.PickleWrapper,io.cucumber.testng.FeatureWrapper)[pri:0, instance:runner.TestRunner@58e92c23]" started-at="2024-06-27T17:05:35 CDT" name="runScenario" description="Runs Cucumber Scenarios" data-provider="scenarios" finished-at="2024-06-27T17:05:40 CDT" duration-ms="5668" status="PASS">
          <params>
            <param index="0">
              <value>
                <![CDATA["Verify user is able to use the tryEditor under Applications of Binary Trees"]]>
              </value>
            </param>
            <param index="1">
              <value>
                <![CDATA["Tree functionality"]]>
              </value>
            </param>
          </params>
          <reporter-output>
          </reporter-output>
        </test-method> <!-- runScenario -->
        <test-method signature="runScenario(io.cucumber.testng.PickleWrapper,io.cucumber.testng.FeatureWrapper)[pri:0, instance:runner.TestRunner@58e92c23]" started-at="2024-06-27T17:05:40 CDT" name="runScenario" description="Runs Cucumber Scenarios" data-provider="scenarios" finished-at="2024-06-27T17:05:46 CDT" duration-ms="5824" status="PASS">
          <params>
            <param index="0">
              <value>
                <![CDATA["Verify user is able to land on the Binary Search Trees Page"]]>
              </value>
            </param>
            <param index="1">
              <value>
                <![CDATA["Tree functionality"]]>
              </value>
            </param>
          </params>
          <reporter-output>
          </reporter-output>
        </test-method> <!-- runScenario -->
        <test-method signature="runScenario(io.cucumber.testng.PickleWrapper,io.cucumber.testng.FeatureWrapper)[pri:0, instance:runner.TestRunner@58e92c23]" started-at="2024-06-27T17:05:46 CDT" name="runScenario" description="Runs Cucumber Scenarios" data-provider="scenarios" finished-at="2024-06-27T17:05:51 CDT" duration-ms="5291" status="PASS">
          <params>
            <param index="0">
              <value>
                <![CDATA["Verify user is in the Binary Search Trees page"]]>
              </value>
            </param>
            <param index="1">
              <value>
                <![CDATA["Tree functionality"]]>
              </value>
            </param>
          </params>
          <reporter-output>
          </reporter-output>
        </test-method> <!-- runScenario -->
        <test-method signature="runScenario(io.cucumber.testng.PickleWrapper,io.cucumber.testng.FeatureWrapper)[pri:0, instance:runner.TestRunner@58e92c23]" started-at="2024-06-27T17:05:51 CDT" name="runScenario" description="Runs Cucumber Scenarios" data-provider="scenarios" finished-at="2024-06-27T17:05:57 CDT" duration-ms="5629" status="PASS">
          <params>
            <param index="0">
              <value>
                <![CDATA["Verify user is able to use the tryEditor under Binary Search Trees"]]>
              </value>
            </param>
            <param index="1">
              <value>
                <![CDATA["Tree functionality"]]>
              </value>
            </param>
          </params>
          <reporter-output>
          </reporter-output>
        </test-method> <!-- runScenario -->
        <test-method signature="runScenario(io.cucumber.testng.PickleWrapper,io.cucumber.testng.FeatureWrapper)[pri:0, instance:runner.TestRunner@58e92c23]" started-at="2024-06-27T17:05:57 CDT" name="runScenario" description="Runs Cucumber Scenarios" data-provider="scenarios" finished-at="2024-06-27T17:06:02 CDT" duration-ms="5043" status="PASS">
          <params>
            <param index="0">
              <value>
                <![CDATA["Verify user is able to land on the Implementation Of BST Page"]]>
              </value>
            </param>
            <param index="1">
              <value>
                <![CDATA["Tree functionality"]]>
              </value>
            </param>
          </params>
          <reporter-output>
          </reporter-output>
        </test-method> <!-- runScenario -->
        <test-method signature="runScenario(io.cucumber.testng.PickleWrapper,io.cucumber.testng.FeatureWrapper)[pri:0, instance:runner.TestRunner@58e92c23]" started-at="2024-06-27T17:06:02 CDT" name="runScenario" description="Runs Cucumber Scenarios" data-provider="scenarios" finished-at="2024-06-27T17:06:07 CDT" duration-ms="5062" status="PASS">
          <params>
            <param index="0">
              <value>
                <![CDATA["Verify user is in the Implementation Of BST page"]]>
              </value>
            </param>
            <param index="1">
              <value>
                <![CDATA["Tree functionality"]]>
              </value>
            </param>
          </params>
          <reporter-output>
          </reporter-output>
        </test-method> <!-- runScenario -->
        <test-method signature="runScenario(io.cucumber.testng.PickleWrapper,io.cucumber.testng.FeatureWrapper)[pri:0, instance:runner.TestRunner@58e92c23]" started-at="2024-06-27T17:06:07 CDT" name="runScenario" description="Runs Cucumber Scenarios" data-provider="scenarios" finished-at="2024-06-27T17:06:13 CDT" duration-ms="5585" status="PASS">
          <params>
            <param index="0">
              <value>
                <![CDATA["Verify user is able to use the tryEditor under Implementation Of BST"]]>
              </value>
            </param>
            <param index="1">
              <value>
                <![CDATA["Tree functionality"]]>
              </value>
            </param>
          </params>
          <reporter-output>
          </reporter-output>
        </test-method> <!-- runScenario -->
        <test-method signature="runScenario(io.cucumber.testng.PickleWrapper,io.cucumber.testng.FeatureWrapper)[pri:0, instance:runner.TestRunner@58e92c23]" started-at="2024-06-27T17:06:13 CDT" name="runScenario" description="Runs Cucumber Scenarios" data-provider="scenarios" finished-at="2024-06-27T17:06:18 CDT" duration-ms="5171" status="PASS">
          <params>
            <param index="0">
              <value>
                <![CDATA["Verify user is able to land on Practice questions page"]]>
              </value>
            </param>
            <param index="1">
              <value>
                <![CDATA["Tree functionality"]]>
              </value>
            </param>
          </params>
          <reporter-output>
          </reporter-output>
        </test-method> <!-- runScenario -->
        <test-method signature="runScenario(io.cucumber.testng.PickleWrapper,io.cucumber.testng.FeatureWrapper)[pri:0, instance:runner.TestRunner@58e92c23]" started-at="2024-06-27T17:06:18 CDT" name="runScenario" description="Runs Cucumber Scenarios" data-provider="scenarios" finished-at="2024-06-27T17:06:23 CDT" duration-ms="5491" status="PASS">
          <params>
            <param index="0">
              <value>
                <![CDATA["Verify the title of the Editor Page"]]>
              </value>
            </param>
            <param index="1">
              <value>
                <![CDATA["Verify "Arrays in Python" page functionality"]]>
              </value>
            </param>
          </params>
          <reporter-output>
          </reporter-output>
        </test-method> <!-- runScenario -->
        <test-method signature="runScenario(io.cucumber.testng.PickleWrapper,io.cucumber.testng.FeatureWrapper)[pri:0, instance:runner.TestRunner@58e92c23]" started-at="2024-06-27T17:06:23 CDT" name="runScenario" description="Runs Cucumber Scenarios" data-provider="scenarios" finished-at="2024-06-27T17:06:29 CDT" duration-ms="5901" status="PASS">
          <params>
            <param index="0">
              <value>
                <![CDATA["Verify valid data in Try Editor page"]]>
              </value>
            </param>
            <param index="1">
              <value>
                <![CDATA["Verify "Arrays in Python" page functionality"]]>
              </value>
            </param>
          </params>
          <reporter-output>
          </reporter-output>
        </test-method> <!-- runScenario -->
        <test-method signature="runScenario(io.cucumber.testng.PickleWrapper,io.cucumber.testng.FeatureWrapper)[pri:0, instance:runner.TestRunner@58e92c23]" started-at="2024-06-27T17:06:29 CDT" name="runScenario" description="Runs Cucumber Scenarios" data-provider="scenarios" finished-at="2024-06-27T17:06:35 CDT" duration-ms="5795" status="PASS">
          <params>
            <param index="0">
              <value>
                <![CDATA["Verify the alert message on "Search the array" page"]]>
              </value>
            </param>
            <param index="1">
              <value>
                <![CDATA["Verify "Arrays in Python" page functionality"]]>
              </value>
            </param>
          </params>
          <reporter-output>
          </reporter-output>
        </test-method> <!-- runScenario -->
        <test-method signature="runScenario(io.cucumber.testng.PickleWrapper,io.cucumber.testng.FeatureWrapper)[pri:0, instance:runner.TestRunner@58e92c23]" started-at="2024-06-27T17:06:35 CDT" name="runScenario" description="Runs Cucumber Scenarios" data-provider="scenarios" finished-at="2024-06-27T17:06:40 CDT" duration-ms="5277" status="PASS">
          <params>
            <param index="0">
              <value>
                <![CDATA["Verify user navigates to previous page from Try Editor"]]>
              </value>
            </param>
            <param index="1">
              <value>
                <![CDATA["Verify "Arrays in Python" page functionality"]]>
              </value>
            </param>
          </params>
          <reporter-output>
          </reporter-output>
        </test-method> <!-- runScenario -->
        <test-method signature="runScenario(io.cucumber.testng.PickleWrapper,io.cucumber.testng.FeatureWrapper)[pri:0, instance:runner.TestRunner@58e92c23]" started-at="2024-06-27T17:06:40 CDT" name="runScenario" description="Runs Cucumber Scenarios" data-provider="scenarios" finished-at="2024-06-27T17:06:45 CDT" duration-ms="4728" status="PASS">
          <params>
            <param index="0">
              <value>
                <![CDATA["Verify the title on the Types of Linked List page"]]>
              </value>
            </param>
            <param index="1">
              <value>
                <![CDATA["Types of Linked List page functionality"]]>
              </value>
            </param>
          </params>
          <reporter-output>
          </reporter-output>
        </test-method> <!-- runScenario -->
        <test-method signature="runScenario(io.cucumber.testng.PickleWrapper,io.cucumber.testng.FeatureWrapper)[pri:0, instance:runner.TestRunner@58e92c23]" started-at="2024-06-27T17:06:45 CDT" name="runScenario" description="Runs Cucumber Scenarios" data-provider="scenarios" finished-at="2024-06-27T17:06:50 CDT" duration-ms="5185" status="PASS">
          <params>
            <param index="0">
              <value>
                <![CDATA["Verify the Practice Question link on the Types of Linked List page"]]>
              </value>
            </param>
            <param index="1">
              <value>
                <![CDATA["Types of Linked List page functionality"]]>
              </value>
            </param>
          </params>
          <reporter-output>
          </reporter-output>
        </test-method> <!-- runScenario -->
        <test-method is-config="true" signature="tearDownClass()[pri:0, instance:runner.TestRunner@58e92c23]" started-at="2024-06-27T17:06:50 CDT" name="tearDownClass" finished-at="2024-06-27T17:06:50 CDT" duration-ms="0" status="PASS">
          <reporter-output>
          </reporter-output>
        </test-method> <!-- tearDownClass -->
      </class> <!-- runner.TestRunner -->
    </test> <!-- Default test -->
  </suite> <!-- Default suite -->
</testng-results>
