<?xml version="1.0" encoding="UTF-8"?>
<testng-results ignored="0" total="39" passed="39" failed="0" skipped="0">
  <reporter-output>
  </reporter-output>
  <suite started-at="2024-06-22T11:50:21 CDT" name="Default suite" finished-at="2024-06-22T11:53:37 CDT" duration-ms="195879">
    <groups>
      <group name="cucumber">
        <method signature="AbstractTestNGCucumberTests.runScenario(io.cucumber.testng.PickleWrapper,io.cucumber.testng.FeatureWrapper)[pri:0, instance:runner.TestRunner@6771beb3]" name="runScenario" class="io.cucumber.testng.AbstractTestNGCucumberTests"/>
      </group> <!-- cucumber -->
    </groups>
    <test started-at="2024-06-22T11:50:21 CDT" name="Default test" finished-at="2024-06-22T11:53:37 CDT" duration-ms="195879">
      <class name="runner.TestRunner">
        <test-method is-config="true" signature="setUpClass(org.testng.ITestContext)[pri:0, instance:runner.TestRunner@6771beb3]" started-at="2024-06-22T11:50:21 CDT" name="setUpClass" finished-at="2024-06-22T11:50:22 CDT" duration-ms="219" status="PASS">
          <params>
            <param index="0">
              <value>
                <![CDATA[org.testng.TestRunner@76b35c38]]>
              </value>
            </param>
          </params>
          <reporter-output>
          </reporter-output>
        </test-method> <!-- setUpClass -->
        <test-method signature="runScenario(io.cucumber.testng.PickleWrapper,io.cucumber.testng.FeatureWrapper)[pri:0, instance:runner.TestRunner@6771beb3]" started-at="2024-06-22T11:50:22 CDT" name="runScenario" description="Runs Cucumber Scenarios" data-provider="scenarios" finished-at="2024-06-22T11:50:27 CDT" duration-ms="5055" status="PASS">
          <params>
            <param index="0">
              <value>
                <![CDATA["Verify user is able to land on the Overview of trees Page"]]>
              </value>
            </param>
            <param index="1">
              <value>
                <![CDATA["Tree functionality"]]>
              </value>
            </param>
          </params>
          <reporter-output>
          </reporter-output>
        </test-method> <!-- runScenario -->
        <test-method signature="runScenario(io.cucumber.testng.PickleWrapper,io.cucumber.testng.FeatureWrapper)[pri:0, instance:runner.TestRunner@6771beb3]" started-at="2024-06-22T11:50:27 CDT" name="runScenario" description="Runs Cucumber Scenarios" data-provider="scenarios" finished-at="2024-06-22T11:50:30 CDT" duration-ms="3525" status="PASS">
          <params>
            <param index="0">
              <value>
                <![CDATA["Verify user is in the Overview of trees page"]]>
              </value>
            </param>
            <param index="1">
              <value>
                <![CDATA["Tree functionality"]]>
              </value>
            </param>
          </params>
          <reporter-output>
          </reporter-output>
        </test-method> <!-- runScenario -->
        <test-method signature="runScenario(io.cucumber.testng.PickleWrapper,io.cucumber.testng.FeatureWrapper)[pri:0, instance:runner.TestRunner@6771beb3]" started-at="2024-06-22T11:50:30 CDT" name="runScenario" description="Runs Cucumber Scenarios" data-provider="scenarios" finished-at="2024-06-22T11:50:35 CDT" duration-ms="4518" status="PASS">
          <params>
            <param index="0">
              <value>
                <![CDATA["Verify user is able to use the tryEditor under Overviews of Trees"]]>
              </value>
            </param>
            <param index="1">
              <value>
                <![CDATA["Tree functionality"]]>
              </value>
            </param>
          </params>
          <reporter-output>
          </reporter-output>
        </test-method> <!-- runScenario -->
        <test-method signature="runScenario(io.cucumber.testng.PickleWrapper,io.cucumber.testng.FeatureWrapper)[pri:0, instance:runner.TestRunner@6771beb3]" started-at="2024-06-22T11:50:35 CDT" name="runScenario" description="Runs Cucumber Scenarios" data-provider="scenarios" finished-at="2024-06-22T11:50:38 CDT" duration-ms="3770" status="PASS">
          <params>
            <param index="0">
              <value>
                <![CDATA["Verify user is able to land on the Terminologies Page"]]>
              </value>
            </param>
            <param index="1">
              <value>
                <![CDATA["Tree functionality"]]>
              </value>
            </param>
          </params>
          <reporter-output>
          </reporter-output>
        </test-method> <!-- runScenario -->
        <test-method signature="runScenario(io.cucumber.testng.PickleWrapper,io.cucumber.testng.FeatureWrapper)[pri:0, instance:runner.TestRunner@6771beb3]" started-at="2024-06-22T11:50:38 CDT" name="runScenario" description="Runs Cucumber Scenarios" data-provider="scenarios" finished-at="2024-06-22T11:50:42 CDT" duration-ms="4069" status="PASS">
          <params>
            <param index="0">
              <value>
                <![CDATA["Verify user is in the Terminologies page"]]>
              </value>
            </param>
            <param index="1">
              <value>
                <![CDATA["Tree functionality"]]>
              </value>
            </param>
          </params>
          <reporter-output>
          </reporter-output>
        </test-method> <!-- runScenario -->
        <test-method signature="runScenario(io.cucumber.testng.PickleWrapper,io.cucumber.testng.FeatureWrapper)[pri:0, instance:runner.TestRunner@6771beb3]" started-at="2024-06-22T11:50:42 CDT" name="runScenario" description="Runs Cucumber Scenarios" data-provider="scenarios" finished-at="2024-06-22T11:50:47 CDT" duration-ms="4336" status="PASS">
          <params>
            <param index="0">
              <value>
                <![CDATA["Verify user is able to use the tryEditor under terminologies"]]>
              </value>
            </param>
            <param index="1">
              <value>
                <![CDATA["Tree functionality"]]>
              </value>
            </param>
          </params>
          <reporter-output>
          </reporter-output>
        </test-method> <!-- runScenario -->
        <test-method signature="runScenario(io.cucumber.testng.PickleWrapper,io.cucumber.testng.FeatureWrapper)[pri:0, instance:runner.TestRunner@6771beb3]" started-at="2024-06-22T11:50:47 CDT" name="runScenario" description="Runs Cucumber Scenarios" data-provider="scenarios" finished-at="2024-06-22T11:50:50 CDT" duration-ms="3559" status="PASS">
          <params>
            <param index="0">
              <value>
                <![CDATA["Verify user is able to land on the Types of Trees Page"]]>
              </value>
            </param>
            <param index="1">
              <value>
                <![CDATA["Tree functionality"]]>
              </value>
            </param>
          </params>
          <reporter-output>
          </reporter-output>
        </test-method> <!-- runScenario -->
        <test-method signature="runScenario(io.cucumber.testng.PickleWrapper,io.cucumber.testng.FeatureWrapper)[pri:0, instance:runner.TestRunner@6771beb3]" started-at="2024-06-22T11:50:50 CDT" name="runScenario" description="Runs Cucumber Scenarios" data-provider="scenarios" finished-at="2024-06-22T11:50:55 CDT" duration-ms="4251" status="PASS">
          <params>
            <param index="0">
              <value>
                <![CDATA["Verify user is in the Types of Trees page"]]>
              </value>
            </param>
            <param index="1">
              <value>
                <![CDATA["Tree functionality"]]>
              </value>
            </param>
          </params>
          <reporter-output>
          </reporter-output>
        </test-method> <!-- runScenario -->
        <test-method signature="runScenario(io.cucumber.testng.PickleWrapper,io.cucumber.testng.FeatureWrapper)[pri:0, instance:runner.TestRunner@6771beb3]" started-at="2024-06-22T11:50:55 CDT" name="runScenario" description="Runs Cucumber Scenarios" data-provider="scenarios" finished-at="2024-06-22T11:50:59 CDT" duration-ms="4176" status="PASS">
          <params>
            <param index="0">
              <value>
                <![CDATA["Verify user is able to use the tryEditor under Types of Trees"]]>
              </value>
            </param>
            <param index="1">
              <value>
                <![CDATA["Tree functionality"]]>
              </value>
            </param>
          </params>
          <reporter-output>
          </reporter-output>
        </test-method> <!-- runScenario -->
        <test-method signature="runScenario(io.cucumber.testng.PickleWrapper,io.cucumber.testng.FeatureWrapper)[pri:0, instance:runner.TestRunner@6771beb3]" started-at="2024-06-22T11:50:59 CDT" name="runScenario" description="Runs Cucumber Scenarios" data-provider="scenarios" finished-at="2024-06-22T11:51:03 CDT" duration-ms="4164" status="PASS">
          <params>
            <param index="0">
              <value>
                <![CDATA["Verify user is able to land on the Tree Traversals Page"]]>
              </value>
            </param>
            <param index="1">
              <value>
                <![CDATA["Tree functionality"]]>
              </value>
            </param>
          </params>
          <reporter-output>
          </reporter-output>
        </test-method> <!-- runScenario -->
        <test-method signature="runScenario(io.cucumber.testng.PickleWrapper,io.cucumber.testng.FeatureWrapper)[pri:0, instance:runner.TestRunner@6771beb3]" started-at="2024-06-22T11:51:03 CDT" name="runScenario" description="Runs Cucumber Scenarios" data-provider="scenarios" finished-at="2024-06-22T11:51:07 CDT" duration-ms="3859" status="PASS">
          <params>
            <param index="0">
              <value>
                <![CDATA["Verify user is in the Tree Traversals page"]]>
              </value>
            </param>
            <param index="1">
              <value>
                <![CDATA["Tree functionality"]]>
              </value>
            </param>
          </params>
          <reporter-output>
          </reporter-output>
        </test-method> <!-- runScenario -->
        <test-method signature="runScenario(io.cucumber.testng.PickleWrapper,io.cucumber.testng.FeatureWrapper)[pri:0, instance:runner.TestRunner@6771beb3]" started-at="2024-06-22T11:51:07 CDT" name="runScenario" description="Runs Cucumber Scenarios" data-provider="scenarios" finished-at="2024-06-22T11:51:12 CDT" duration-ms="4878" status="PASS">
          <params>
            <param index="0">
              <value>
                <![CDATA["Verify user is able to use the tryEditor under Tree Traversals"]]>
              </value>
            </param>
            <param index="1">
              <value>
                <![CDATA["Tree functionality"]]>
              </value>
            </param>
          </params>
          <reporter-output>
          </reporter-output>
        </test-method> <!-- runScenario -->
        <test-method signature="runScenario(io.cucumber.testng.PickleWrapper,io.cucumber.testng.FeatureWrapper)[pri:0, instance:runner.TestRunner@6771beb3]" started-at="2024-06-22T11:51:12 CDT" name="runScenario" description="Runs Cucumber Scenarios" data-provider="scenarios" finished-at="2024-06-22T11:51:16 CDT" duration-ms="4216" status="PASS">
          <params>
            <param index="0">
              <value>
                <![CDATA["Verify user is able to land on the Traversals-Illustration Page"]]>
              </value>
            </param>
            <param index="1">
              <value>
                <![CDATA["Tree functionality"]]>
              </value>
            </param>
          </params>
          <reporter-output>
          </reporter-output>
        </test-method> <!-- runScenario -->
        <test-method signature="runScenario(io.cucumber.testng.PickleWrapper,io.cucumber.testng.FeatureWrapper)[pri:0, instance:runner.TestRunner@6771beb3]" started-at="2024-06-22T11:51:16 CDT" name="runScenario" description="Runs Cucumber Scenarios" data-provider="scenarios" finished-at="2024-06-22T11:51:20 CDT" duration-ms="4539" status="PASS">
          <params>
            <param index="0">
              <value>
                <![CDATA["Verify user is in the Traversals-Illustration page"]]>
              </value>
            </param>
            <param index="1">
              <value>
                <![CDATA["Tree functionality"]]>
              </value>
            </param>
          </params>
          <reporter-output>
          </reporter-output>
        </test-method> <!-- runScenario -->
        <test-method signature="runScenario(io.cucumber.testng.PickleWrapper,io.cucumber.testng.FeatureWrapper)[pri:0, instance:runner.TestRunner@6771beb3]" started-at="2024-06-22T11:51:20 CDT" name="runScenario" description="Runs Cucumber Scenarios" data-provider="scenarios" finished-at="2024-06-22T11:51:25 CDT" duration-ms="4613" status="PASS">
          <params>
            <param index="0">
              <value>
                <![CDATA["Verify user is able to use the tryEditor under Traversals-Illustration"]]>
              </value>
            </param>
            <param index="1">
              <value>
                <![CDATA["Tree functionality"]]>
              </value>
            </param>
          </params>
          <reporter-output>
          </reporter-output>
        </test-method> <!-- runScenario -->
        <test-method signature="runScenario(io.cucumber.testng.PickleWrapper,io.cucumber.testng.FeatureWrapper)[pri:0, instance:runner.TestRunner@6771beb3]" started-at="2024-06-22T11:51:25 CDT" name="runScenario" description="Runs Cucumber Scenarios" data-provider="scenarios" finished-at="2024-06-22T11:51:29 CDT" duration-ms="4402" status="PASS">
          <params>
            <param index="0">
              <value>
                <![CDATA["Verify user is able to land on the Binary Trees Page"]]>
              </value>
            </param>
            <param index="1">
              <value>
                <![CDATA["Tree functionality"]]>
              </value>
            </param>
          </params>
          <reporter-output>
          </reporter-output>
        </test-method> <!-- runScenario -->
        <test-method signature="runScenario(io.cucumber.testng.PickleWrapper,io.cucumber.testng.FeatureWrapper)[pri:0, instance:runner.TestRunner@6771beb3]" started-at="2024-06-22T11:51:29 CDT" name="runScenario" description="Runs Cucumber Scenarios" data-provider="scenarios" finished-at="2024-06-22T11:51:34 CDT" duration-ms="4492" status="PASS">
          <params>
            <param index="0">
              <value>
                <![CDATA["Verify user is in the Binary Trees page"]]>
              </value>
            </param>
            <param index="1">
              <value>
                <![CDATA["Tree functionality"]]>
              </value>
            </param>
          </params>
          <reporter-output>
          </reporter-output>
        </test-method> <!-- runScenario -->
        <test-method signature="runScenario(io.cucumber.testng.PickleWrapper,io.cucumber.testng.FeatureWrapper)[pri:0, instance:runner.TestRunner@6771beb3]" started-at="2024-06-22T11:51:34 CDT" name="runScenario" description="Runs Cucumber Scenarios" data-provider="scenarios" finished-at="2024-06-22T11:51:39 CDT" duration-ms="5038" status="PASS">
          <params>
            <param index="0">
              <value>
                <![CDATA["Verify user is able to use the tryEditor under Binary Trees"]]>
              </value>
            </param>
            <param index="1">
              <value>
                <![CDATA["Tree functionality"]]>
              </value>
            </param>
          </params>
          <reporter-output>
          </reporter-output>
        </test-method> <!-- runScenario -->
        <test-method signature="runScenario(io.cucumber.testng.PickleWrapper,io.cucumber.testng.FeatureWrapper)[pri:0, instance:runner.TestRunner@6771beb3]" started-at="2024-06-22T11:51:39 CDT" name="runScenario" description="Runs Cucumber Scenarios" data-provider="scenarios" finished-at="2024-06-22T11:51:43 CDT" duration-ms="3956" status="PASS">
          <params>
            <param index="0">
              <value>
                <![CDATA["Verify user is able to land on the Types of Binary Trees Page"]]>
              </value>
            </param>
            <param index="1">
              <value>
                <![CDATA["Tree functionality"]]>
              </value>
            </param>
          </params>
          <reporter-output>
          </reporter-output>
        </test-method> <!-- runScenario -->
        <test-method signature="runScenario(io.cucumber.testng.PickleWrapper,io.cucumber.testng.FeatureWrapper)[pri:0, instance:runner.TestRunner@6771beb3]" started-at="2024-06-22T11:51:43 CDT" name="runScenario" description="Runs Cucumber Scenarios" data-provider="scenarios" finished-at="2024-06-22T11:51:47 CDT" duration-ms="4041" status="PASS">
          <params>
            <param index="0">
              <value>
                <![CDATA["Verify user is in the Types of Binary Trees page"]]>
              </value>
            </param>
            <param index="1">
              <value>
                <![CDATA["Tree functionality"]]>
              </value>
            </param>
          </params>
          <reporter-output>
          </reporter-output>
        </test-method> <!-- runScenario -->
        <test-method signature="runScenario(io.cucumber.testng.PickleWrapper,io.cucumber.testng.FeatureWrapper)[pri:0, instance:runner.TestRunner@6771beb3]" started-at="2024-06-22T11:51:47 CDT" name="runScenario" description="Runs Cucumber Scenarios" data-provider="scenarios" finished-at="2024-06-22T11:51:51 CDT" duration-ms="3894" status="PASS">
          <params>
            <param index="0">
              <value>
                <![CDATA["Verify user is able to use the tryEditor under Types of Binary Trees"]]>
              </value>
            </param>
            <param index="1">
              <value>
                <![CDATA["Tree functionality"]]>
              </value>
            </param>
          </params>
          <reporter-output>
          </reporter-output>
        </test-method> <!-- runScenario -->
        <test-method signature="runScenario(io.cucumber.testng.PickleWrapper,io.cucumber.testng.FeatureWrapper)[pri:0, instance:runner.TestRunner@6771beb3]" started-at="2024-06-22T11:51:51 CDT" name="runScenario" description="Runs Cucumber Scenarios" data-provider="scenarios" finished-at="2024-06-22T11:51:56 CDT" duration-ms="4680" status="PASS">
          <params>
            <param index="0">
              <value>
                <![CDATA["Verify user is able to land on the Implementation in Python Page"]]>
              </value>
            </param>
            <param index="1">
              <value>
                <![CDATA["Tree functionality"]]>
              </value>
            </param>
          </params>
          <reporter-output>
          </reporter-output>
        </test-method> <!-- runScenario -->
        <test-method signature="runScenario(io.cucumber.testng.PickleWrapper,io.cucumber.testng.FeatureWrapper)[pri:0, instance:runner.TestRunner@6771beb3]" started-at="2024-06-22T11:51:56 CDT" name="runScenario" description="Runs Cucumber Scenarios" data-provider="scenarios" finished-at="2024-06-22T11:52:00 CDT" duration-ms="4357" status="PASS">
          <params>
            <param index="0">
              <value>
                <![CDATA["Verify user is in the Implementation in Python page"]]>
              </value>
            </param>
            <param index="1">
              <value>
                <![CDATA["Tree functionality"]]>
              </value>
            </param>
          </params>
          <reporter-output>
          </reporter-output>
        </test-method> <!-- runScenario -->
        <test-method signature="runScenario(io.cucumber.testng.PickleWrapper,io.cucumber.testng.FeatureWrapper)[pri:0, instance:runner.TestRunner@6771beb3]" started-at="2024-06-22T11:52:00 CDT" name="runScenario" description="Runs Cucumber Scenarios" data-provider="scenarios" finished-at="2024-06-22T11:52:04 CDT" duration-ms="4544" status="PASS">
          <params>
            <param index="0">
              <value>
                <![CDATA["Verify user is able to use the tryEditor under Implementation in Python"]]>
              </value>
            </param>
            <param index="1">
              <value>
                <![CDATA["Tree functionality"]]>
              </value>
            </param>
          </params>
          <reporter-output>
          </reporter-output>
        </test-method> <!-- runScenario -->
        <test-method signature="runScenario(io.cucumber.testng.PickleWrapper,io.cucumber.testng.FeatureWrapper)[pri:0, instance:runner.TestRunner@6771beb3]" started-at="2024-06-22T11:52:04 CDT" name="runScenario" description="Runs Cucumber Scenarios" data-provider="scenarios" finished-at="2024-06-22T11:52:09 CDT" duration-ms="4337" status="PASS">
          <params>
            <param index="0">
              <value>
                <![CDATA["Verify user is able to land on the Binary Tree Traversals Page"]]>
              </value>
            </param>
            <param index="1">
              <value>
                <![CDATA["Tree functionality"]]>
              </value>
            </param>
          </params>
          <reporter-output>
          </reporter-output>
        </test-method> <!-- runScenario -->
        <test-method signature="runScenario(io.cucumber.testng.PickleWrapper,io.cucumber.testng.FeatureWrapper)[pri:0, instance:runner.TestRunner@6771beb3]" started-at="2024-06-22T11:52:09 CDT" name="runScenario" description="Runs Cucumber Scenarios" data-provider="scenarios" finished-at="2024-06-22T11:52:14 CDT" duration-ms="5322" status="PASS">
          <params>
            <param index="0">
              <value>
                <![CDATA["Verify user is in the Binary Tree Traversals page"]]>
              </value>
            </param>
            <param index="1">
              <value>
                <![CDATA["Tree functionality"]]>
              </value>
            </param>
          </params>
          <reporter-output>
          </reporter-output>
        </test-method> <!-- runScenario -->
        <test-method signature="runScenario(io.cucumber.testng.PickleWrapper,io.cucumber.testng.FeatureWrapper)[pri:0, instance:runner.TestRunner@6771beb3]" started-at="2024-06-22T11:52:14 CDT" name="runScenario" description="Runs Cucumber Scenarios" data-provider="scenarios" finished-at="2024-06-22T11:52:18 CDT" duration-ms="4305" status="PASS">
          <params>
            <param index="0">
              <value>
                <![CDATA["Verify user is able to use the tryEditor under Binary Tree Traversals"]]>
              </value>
            </param>
            <param index="1">
              <value>
                <![CDATA["Tree functionality"]]>
              </value>
            </param>
          </params>
          <reporter-output>
          </reporter-output>
        </test-method> <!-- runScenario -->
        <test-method signature="runScenario(io.cucumber.testng.PickleWrapper,io.cucumber.testng.FeatureWrapper)[pri:0, instance:runner.TestRunner@6771beb3]" started-at="2024-06-22T11:52:18 CDT" name="runScenario" description="Runs Cucumber Scenarios" data-provider="scenarios" finished-at="2024-06-22T11:52:23 CDT" duration-ms="4367" status="PASS">
          <params>
            <param index="0">
              <value>
                <![CDATA["Verify user is able to land on the Implementation of Binary Trees Page"]]>
              </value>
            </param>
            <param index="1">
              <value>
                <![CDATA["Tree functionality"]]>
              </value>
            </param>
          </params>
          <reporter-output>
          </reporter-output>
        </test-method> <!-- runScenario -->
        <test-method signature="runScenario(io.cucumber.testng.PickleWrapper,io.cucumber.testng.FeatureWrapper)[pri:0, instance:runner.TestRunner@6771beb3]" started-at="2024-06-22T11:52:23 CDT" name="runScenario" description="Runs Cucumber Scenarios" data-provider="scenarios" finished-at="2024-06-22T11:52:29 CDT" duration-ms="5960" status="PASS">
          <params>
            <param index="0">
              <value>
                <![CDATA["Verify user is in the Implementation of Binary Trees page"]]>
              </value>
            </param>
            <param index="1">
              <value>
                <![CDATA["Tree functionality"]]>
              </value>
            </param>
          </params>
          <reporter-output>
          </reporter-output>
        </test-method> <!-- runScenario -->
        <test-method signature="runScenario(io.cucumber.testng.PickleWrapper,io.cucumber.testng.FeatureWrapper)[pri:0, instance:runner.TestRunner@6771beb3]" started-at="2024-06-22T11:52:29 CDT" name="runScenario" description="Runs Cucumber Scenarios" data-provider="scenarios" finished-at="2024-06-22T11:52:33 CDT" duration-ms="4464" status="PASS">
          <params>
            <param index="0">
              <value>
                <![CDATA["Verify user is able to use the tryEditor under Implementation of Binary Trees"]]>
              </value>
            </param>
            <param index="1">
              <value>
                <![CDATA["Tree functionality"]]>
              </value>
            </param>
          </params>
          <reporter-output>
          </reporter-output>
        </test-method> <!-- runScenario -->
        <test-method signature="runScenario(io.cucumber.testng.PickleWrapper,io.cucumber.testng.FeatureWrapper)[pri:0, instance:runner.TestRunner@6771beb3]" started-at="2024-06-22T11:52:33 CDT" name="runScenario" description="Runs Cucumber Scenarios" data-provider="scenarios" finished-at="2024-06-22T11:52:39 CDT" duration-ms="5567" status="PASS">
          <params>
            <param index="0">
              <value>
                <![CDATA["Verify user is able to land on the Applications of Binary Trees Page"]]>
              </value>
            </param>
            <param index="1">
              <value>
                <![CDATA["Tree functionality"]]>
              </value>
            </param>
          </params>
          <reporter-output>
          </reporter-output>
        </test-method> <!-- runScenario -->
        <test-method signature="runScenario(io.cucumber.testng.PickleWrapper,io.cucumber.testng.FeatureWrapper)[pri:0, instance:runner.TestRunner@6771beb3]" started-at="2024-06-22T11:52:39 CDT" name="runScenario" description="Runs Cucumber Scenarios" data-provider="scenarios" finished-at="2024-06-22T11:52:43 CDT" duration-ms="4548" status="PASS">
          <params>
            <param index="0">
              <value>
                <![CDATA["Verify user is in the Applications of Binary Trees page"]]>
              </value>
            </param>
            <param index="1">
              <value>
                <![CDATA["Tree functionality"]]>
              </value>
            </param>
          </params>
          <reporter-output>
          </reporter-output>
        </test-method> <!-- runScenario -->
        <test-method signature="runScenario(io.cucumber.testng.PickleWrapper,io.cucumber.testng.FeatureWrapper)[pri:0, instance:runner.TestRunner@6771beb3]" started-at="2024-06-22T11:52:43 CDT" name="runScenario" description="Runs Cucumber Scenarios" data-provider="scenarios" finished-at="2024-06-22T11:52:52 CDT" duration-ms="8357" status="PASS">
          <params>
            <param index="0">
              <value>
                <![CDATA["Verify user is able to use the tryEditor under Applications of Binary Trees"]]>
              </value>
            </param>
            <param index="1">
              <value>
                <![CDATA["Tree functionality"]]>
              </value>
            </param>
          </params>
          <reporter-output>
          </reporter-output>
        </test-method> <!-- runScenario -->
        <test-method signature="runScenario(io.cucumber.testng.PickleWrapper,io.cucumber.testng.FeatureWrapper)[pri:0, instance:runner.TestRunner@6771beb3]" started-at="2024-06-22T11:52:52 CDT" name="runScenario" description="Runs Cucumber Scenarios" data-provider="scenarios" finished-at="2024-06-22T11:52:59 CDT" duration-ms="7213" status="PASS">
          <params>
            <param index="0">
              <value>
                <![CDATA["Verify user is able to land on the Binary Search Trees Page"]]>
              </value>
            </param>
            <param index="1">
              <value>
                <![CDATA["Tree functionality"]]>
              </value>
            </param>
          </params>
          <reporter-output>
          </reporter-output>
        </test-method> <!-- runScenario -->
        <test-method signature="runScenario(io.cucumber.testng.PickleWrapper,io.cucumber.testng.FeatureWrapper)[pri:0, instance:runner.TestRunner@6771beb3]" started-at="2024-06-22T11:52:59 CDT" name="runScenario" description="Runs Cucumber Scenarios" data-provider="scenarios" finished-at="2024-06-22T11:53:06 CDT" duration-ms="6973" status="PASS">
          <params>
            <param index="0">
              <value>
                <![CDATA["Verify user is in the Binary Search Trees page"]]>
              </value>
            </param>
            <param index="1">
              <value>
                <![CDATA["Tree functionality"]]>
              </value>
            </param>
          </params>
          <reporter-output>
          </reporter-output>
        </test-method> <!-- runScenario -->
        <test-method signature="runScenario(io.cucumber.testng.PickleWrapper,io.cucumber.testng.FeatureWrapper)[pri:0, instance:runner.TestRunner@6771beb3]" started-at="2024-06-22T11:53:06 CDT" name="runScenario" description="Runs Cucumber Scenarios" data-provider="scenarios" finished-at="2024-06-22T11:53:12 CDT" duration-ms="5956" status="PASS">
          <params>
            <param index="0">
              <value>
                <![CDATA["Verify user is able to use the tryEditor under Binary Search Trees"]]>
              </value>
            </param>
            <param index="1">
              <value>
                <![CDATA["Tree functionality"]]>
              </value>
            </param>
          </params>
          <reporter-output>
          </reporter-output>
        </test-method> <!-- runScenario -->
        <test-method signature="runScenario(io.cucumber.testng.PickleWrapper,io.cucumber.testng.FeatureWrapper)[pri:0, instance:runner.TestRunner@6771beb3]" started-at="2024-06-22T11:53:12 CDT" name="runScenario" description="Runs Cucumber Scenarios" data-provider="scenarios" finished-at="2024-06-22T11:53:19 CDT" duration-ms="7422" status="PASS">
          <params>
            <param index="0">
              <value>
                <![CDATA["Verify user is able to land on the Implementation Of BST Page"]]>
              </value>
            </param>
            <param index="1">
              <value>
                <![CDATA["Tree functionality"]]>
              </value>
            </param>
          </params>
          <reporter-output>
          </reporter-output>
        </test-method> <!-- runScenario -->
        <test-method signature="runScenario(io.cucumber.testng.PickleWrapper,io.cucumber.testng.FeatureWrapper)[pri:0, instance:runner.TestRunner@6771beb3]" started-at="2024-06-22T11:53:19 CDT" name="runScenario" description="Runs Cucumber Scenarios" data-provider="scenarios" finished-at="2024-06-22T11:53:26 CDT" duration-ms="6077" status="PASS">
          <params>
            <param index="0">
              <value>
                <![CDATA["Verify user is in the Implementation Of BST page"]]>
              </value>
            </param>
            <param index="1">
              <value>
                <![CDATA["Tree functionality"]]>
              </value>
            </param>
          </params>
          <reporter-output>
          </reporter-output>
        </test-method> <!-- runScenario -->
        <test-method signature="runScenario(io.cucumber.testng.PickleWrapper,io.cucumber.testng.FeatureWrapper)[pri:0, instance:runner.TestRunner@6771beb3]" started-at="2024-06-22T11:53:26 CDT" name="runScenario" description="Runs Cucumber Scenarios" data-provider="scenarios" finished-at="2024-06-22T11:53:37 CDT" duration-ms="11140" status="PASS">
          <params>
            <param index="0">
              <value>
                <![CDATA["Verify user is able to use the tryEditor under Implementation Of BST"]]>
              </value>
            </param>
            <param index="1">
              <value>
                <![CDATA["Tree functionality"]]>
              </value>
            </param>
          </params>
          <reporter-output>
          </reporter-output>
        </test-method> <!-- runScenario -->
        <test-method is-config="true" signature="tearDownClass()[pri:0, instance:runner.TestRunner@6771beb3]" started-at="2024-06-22T11:53:37 CDT" name="tearDownClass" finished-at="2024-06-22T11:53:37 CDT" duration-ms="127" status="PASS">
          <reporter-output>
          </reporter-output>
        </test-method> <!-- tearDownClass -->
      </class> <!-- runner.TestRunner -->
    </test> <!-- Default test -->
  </suite> <!-- Default suite -->
</testng-results>
