<?xml version="1.0" encoding="UTF-8"?>
<!-- Generated by org.testng.reporters.JUnitReportReporter -->
<testsuite hostname="Parikshits-MBP" failures="0" tests="15" name="runner.TestRunner" time="116.678" errors="3" timestamp="2024-06-18T13:46:02 EDT" skipped="0">
  <testcase classname="runner.TestRunner" name="runScenario" time="6.690">
    <error message="no such window: target window already closed
from unknown error: web view not found
  (Session info: chrome=125.0.6422.176)
Build info: version: &#039;4.16.1&#039;, revision: &#039;9b4c83354e&#039;
System info: os.name: &#039;Mac OS X&#039;, os.arch: &#039;x86_64&#039;, os.version: &#039;14.4.1&#039;, java.version: &#039;22&#039;
Driver info: org.openqa.selenium.chrome.ChromeDriver
Command: [fcbcb40e9087bbaf4e5b1c7ca027d030, maximizeCurrentWindow {}]
Capabilities {acceptInsecureCerts: false, browserName: chrome, browserVersion: 125.0.6422.176, chrome: {chromedriverVersion: 125.0.6422.141 (4b1e8393712..., userDataDir: /var/folders/cx/gt2v1fdj52z...}, fedcm:accounts: true, goog:chromeOptions: {debuggerAddress: localhost:57766}, networkConnectionEnabled: false, pageLoadStrategy: normal, platformName: mac, proxy: Proxy(), se:cdp: ws://localhost:57766/devtoo..., se:cdpVersion: 125.0.6422.176, setWindowRect: true, strictFileInteractability: false, timeouts: {implicit: 0, pageLoad: 300000, script: 30000}, unhandledPromptBehavior: dismiss and notify, webauthn:extension:credBlob: true, webauthn:extension:largeBlob: true, webauthn:extension:minPinLength: true, webauthn:extension:prf: true, webauthn:virtualAuthenticators: true}
Session ID: fcbcb40e9087bbaf4e5b1c7ca027d030" type="org.openqa.selenium.NoSuchWindowException">
      <![CDATA[org.openqa.selenium.NoSuchWindowException: no such window: target window already closed
from unknown error: web view not found
  (Session info: chrome=125.0.6422.176)
Build info: version: '4.16.1', revision: '9b4c83354e'
System info: os.name: 'Mac OS X', os.arch: 'x86_64', os.version: '14.4.1', java.version: '22'
Driver info: org.openqa.selenium.chrome.ChromeDriver
Command: [fcbcb40e9087bbaf4e5b1c7ca027d030, maximizeCurrentWindow {}]
Capabilities {acceptInsecureCerts: false, browserName: chrome, browserVersion: 125.0.6422.176, chrome: {chromedriverVersion: 125.0.6422.141 (4b1e8393712..., userDataDir: /var/folders/cx/gt2v1fdj52z...}, fedcm:accounts: true, goog:chromeOptions: {debuggerAddress: localhost:57766}, networkConnectionEnabled: false, pageLoadStrategy: normal, platformName: mac, proxy: Proxy(), se:cdp: ws://localhost:57766/devtoo..., se:cdpVersion: 125.0.6422.176, setWindowRect: true, strictFileInteractability: false, timeouts: {implicit: 0, pageLoad: 300000, script: 30000}, unhandledPromptBehavior: dismiss and notify, webauthn:extension:credBlob: true, webauthn:extension:largeBlob: true, webauthn:extension:minPinLength: true, webauthn:extension:prf: true, webauthn:virtualAuthenticators: true}
Session ID: fcbcb40e9087bbaf4e5b1c7ca027d030
at java.base/jdk.internal.reflect.DirectConstructorHandleAccessor.newInstance(DirectConstructorHandleAccessor.java:62)
at java.base/java.lang.reflect.Constructor.newInstanceWithCaller(Constructor.java:502)
at java.base/java.lang.reflect.Constructor.newInstance(Constructor.java:486)
at org.openqa.selenium.remote.codec.w3c.W3CHttpResponseCodec.createException(W3CHttpResponseCodec.java:200)
at org.openqa.selenium.remote.codec.w3c.W3CHttpResponseCodec.decode(W3CHttpResponseCodec.java:133)
at org.openqa.selenium.remote.codec.w3c.W3CHttpResponseCodec.decode(W3CHttpResponseCodec.java:52)
at org.openqa.selenium.remote.HttpCommandExecutor.execute(HttpCommandExecutor.java:191)
at org.openqa.selenium.remote.service.DriverCommandExecutor.invokeExecute(DriverCommandExecutor.java:200)
at org.openqa.selenium.remote.service.DriverCommandExecutor.execute(DriverCommandExecutor.java:175)
at org.openqa.selenium.remote.RemoteWebDriver.execute(RemoteWebDriver.java:523)
at org.openqa.selenium.remote.RemoteWebDriver.execute(RemoteWebDriver.java:596)
at org.openqa.selenium.remote.RemoteWebDriver.execute(RemoteWebDriver.java:600)
at org.openqa.selenium.remote.RemoteWebDriver$RemoteWebDriverOptions$RemoteWindow.maximize(RemoteWebDriver.java:1039)
at hooks.ApplicationHooks.setup(ApplicationHooks.java:25)
]]>
    </error>
  </testcase> <!-- runScenario -->
  <system-out/>
  <testcase classname="runner.TestRunner" name="runScenario" time="7.166"/>
  <system-out/>
  <testcase classname="runner.TestRunner" name="runScenario" time="7.985"/>
  <system-out/>
  <testcase classname="runner.TestRunner" name="runScenario" time="9.084"/>
  <system-out/>
  <testcase classname="runner.TestRunner" name="runScenario" time="4.164"/>
  <system-out/>
  <testcase classname="runner.TestRunner" name="runScenario" time="7.796"/>
  <system-out/>
  <testcase classname="runner.TestRunner" name="runScenario" time="9.184"/>
  <system-out/>
  <testcase classname="runner.TestRunner" name="runScenario" time="9.743"/>
  <system-out/>
  <testcase classname="runner.TestRunner" name="runScenario" time="14.126">
    <error message="Unable to find element with locator By.xpath: //div[contains(text(),&#039;New Account Created&#039;)]
For documentation on this error, please visit: https://www.selenium.dev/documentation/webdriver/troubleshooting/errors#no-such-element-exception
Build info: version: &#039;4.16.1&#039;, revision: &#039;9b4c83354e&#039;
System info: os.name: &#039;Mac OS X&#039;, os.arch: &#039;x86_64&#039;, os.version: &#039;14.4.1&#039;, java.version: &#039;22&#039;
Driver info: driver.version: RemoteWebDriver" type="org.openqa.selenium.NoSuchElementException">
      <![CDATA[org.openqa.selenium.NoSuchElementException: Unable to find element with locator By.xpath: //div[contains(text(),'New Account Created')]
For documentation on this error, please visit: https://www.selenium.dev/documentation/webdriver/troubleshooting/errors#no-such-element-exception
Build info: version: '4.16.1', revision: '9b4c83354e'
System info: os.name: 'Mac OS X', os.arch: 'x86_64', os.version: '14.4.1', java.version: '22'
Driver info: driver.version: RemoteWebDriver
at org.openqa.selenium.remote.ElementLocation$ElementFinder$2.findElement(ElementLocation.java:168)
at org.openqa.selenium.remote.ElementLocation.findElement(ElementLocation.java:59)
at org.openqa.selenium.remote.RemoteWebDriver.findElement(RemoteWebDriver.java:360)
at org.openqa.selenium.remote.RemoteWebDriver.findElement(RemoteWebDriver.java:354)
at stepdefinitions.RegisterStepDefinition.user_account_should_be_created(RegisterStepDefinition.java:43)
at ✽.User account should be created(file:///Users/parikshit/workspace/DSALGO/src/test/resources/features/Register.feature:10)
]]>
    </error>
  </testcase> <!-- runScenario -->
  <system-out/>
  <testcase classname="runner.TestRunner" name="runScenario" time="9.345"/>
  <system-out/>
  <testcase classname="runner.TestRunner" name="runScenario" time="6.396">
    <error message="no such window: target window already closed
from unknown error: web view not found
  (Session info: chrome=125.0.6422.176)
Build info: version: &#039;4.16.1&#039;, revision: &#039;9b4c83354e&#039;
System info: os.name: &#039;Mac OS X&#039;, os.arch: &#039;x86_64&#039;, os.version: &#039;14.4.1&#039;, java.version: &#039;22&#039;
Driver info: org.openqa.selenium.chrome.ChromeDriver
Command: [1d06f498ea4100e92b227c782e8d46ff, maximizeCurrentWindow {}]
Capabilities {acceptInsecureCerts: false, browserName: chrome, browserVersion: 125.0.6422.176, chrome: {chromedriverVersion: 125.0.6422.141 (4b1e8393712..., userDataDir: /var/folders/cx/gt2v1fdj52z...}, fedcm:accounts: true, goog:chromeOptions: {debuggerAddress: localhost:57654}, networkConnectionEnabled: false, pageLoadStrategy: normal, platformName: mac, proxy: Proxy(), se:cdp: ws://localhost:57654/devtoo..., se:cdpVersion: 125.0.6422.176, setWindowRect: true, strictFileInteractability: false, timeouts: {implicit: 0, pageLoad: 300000, script: 30000}, unhandledPromptBehavior: dismiss and notify, webauthn:extension:credBlob: true, webauthn:extension:largeBlob: true, webauthn:extension:minPinLength: true, webauthn:extension:prf: true, webauthn:virtualAuthenticators: true}
Session ID: 1d06f498ea4100e92b227c782e8d46ff" type="org.openqa.selenium.NoSuchWindowException">
      <![CDATA[org.openqa.selenium.NoSuchWindowException: no such window: target window already closed
from unknown error: web view not found
  (Session info: chrome=125.0.6422.176)
Build info: version: '4.16.1', revision: '9b4c83354e'
System info: os.name: 'Mac OS X', os.arch: 'x86_64', os.version: '14.4.1', java.version: '22'
Driver info: org.openqa.selenium.chrome.ChromeDriver
Command: [1d06f498ea4100e92b227c782e8d46ff, maximizeCurrentWindow {}]
Capabilities {acceptInsecureCerts: false, browserName: chrome, browserVersion: 125.0.6422.176, chrome: {chromedriverVersion: 125.0.6422.141 (4b1e8393712..., userDataDir: /var/folders/cx/gt2v1fdj52z...}, fedcm:accounts: true, goog:chromeOptions: {debuggerAddress: localhost:57654}, networkConnectionEnabled: false, pageLoadStrategy: normal, platformName: mac, proxy: Proxy(), se:cdp: ws://localhost:57654/devtoo..., se:cdpVersion: 125.0.6422.176, setWindowRect: true, strictFileInteractability: false, timeouts: {implicit: 0, pageLoad: 300000, script: 30000}, unhandledPromptBehavior: dismiss and notify, webauthn:extension:credBlob: true, webauthn:extension:largeBlob: true, webauthn:extension:minPinLength: true, webauthn:extension:prf: true, webauthn:virtualAuthenticators: true}
Session ID: 1d06f498ea4100e92b227c782e8d46ff
at java.base/jdk.internal.reflect.DirectConstructorHandleAccessor.newInstance(DirectConstructorHandleAccessor.java:62)
at java.base/java.lang.reflect.Constructor.newInstanceWithCaller(Constructor.java:502)
at java.base/java.lang.reflect.Constructor.newInstance(Constructor.java:486)
at org.openqa.selenium.remote.codec.w3c.W3CHttpResponseCodec.createException(W3CHttpResponseCodec.java:200)
at org.openqa.selenium.remote.codec.w3c.W3CHttpResponseCodec.decode(W3CHttpResponseCodec.java:133)
at org.openqa.selenium.remote.codec.w3c.W3CHttpResponseCodec.decode(W3CHttpResponseCodec.java:52)
at org.openqa.selenium.remote.HttpCommandExecutor.execute(HttpCommandExecutor.java:191)
at org.openqa.selenium.remote.service.DriverCommandExecutor.invokeExecute(DriverCommandExecutor.java:200)
at org.openqa.selenium.remote.service.DriverCommandExecutor.execute(DriverCommandExecutor.java:175)
at org.openqa.selenium.remote.RemoteWebDriver.execute(RemoteWebDriver.java:523)
at org.openqa.selenium.remote.RemoteWebDriver.execute(RemoteWebDriver.java:596)
at org.openqa.selenium.remote.RemoteWebDriver.execute(RemoteWebDriver.java:600)
at org.openqa.selenium.remote.RemoteWebDriver$RemoteWebDriverOptions$RemoteWindow.maximize(RemoteWebDriver.java:1039)
at hooks.ApplicationHooks.setup(ApplicationHooks.java:25)
]]>
    </error>
  </testcase> <!-- runScenario -->
  <system-out/>
  <testcase classname="runner.TestRunner" name="runScenario" time="8.922"/>
  <system-out/>
  <testcase classname="runner.TestRunner" name="runScenario" time="6.715"/>
  <system-out/>
  <testcase classname="runner.TestRunner" name="runScenario" time="5.840"/>
  <system-out/>
  <testcase classname="runner.TestRunner" name="runScenario" time="3.522"/>
  <system-out/>
</testsuite> <!-- runner.TestRunner -->
